Uninstalled 1 package in 22ms
Installed 1 package in 28ms
wandb: [wandb.login()] Loaded credentials for https://api.wandb.ai from /home/4bkang/.netrc.
wandb: Currently logged in as: 4bkang (gcnmt) to https://api.wandb.ai. Use `wandb login --relogin` to force relogin
wandb: setting up run ryck5snk
wandb: Tracking run with wandb version 0.24.1
wandb: Run data is saved locally in /home/4bkang/rl/worldmodel/wandb/run-20260320_233403-ryck5snk
wandb: Run `wandb offline` to turn off syncing.
wandb: Syncing run bc_rew_heads_dreamer4_calvin_mpnet
wandb: ⭐️ View project at https://wandb.ai/4bkang/jasmine
wandb: 🚀 View run at https://wandb.ai/4bkang/jasmine/runs/ryck5snk
Running on 4 device(s).
Parameter counts:
Counting all components: ['dynamics', 'policy_head', 'reward_head']
{'dynamics': 62182432, 'policy_head': 2372878, 'reward_head': 2517450, 'total': 67072760}
Restored Dreamer4 tokenizer from ckpts/calvin/dreamer4/tokenizer_96p
Restored pretrained dynamics from step 50000 (ckpts/calvin/dreamer4/dynamics_96p_s)
CALVINLangDataSource: 22966 annotated segments from 1 dir(s), lang_folder=lang_all-mpnet-base-v2
[step 000000] loss=68.2104 flow=0.0006 boot=0.0000 bc=65.2181 rew=9.9738 (0.01 steps/s)
[step 000050] loss=2.3873 flow=0.0006 boot=0.0000 bc=1.0095 rew=4.5922 (0.40 steps/s)
[step 000100] loss=1.1470 flow=0.0007 boot=0.0000 bc=0.6517 rew=1.6503 (0.66 steps/s)
[step 000150] loss=0.3748 flow=0.0006 boot=0.0000 bc=0.3172 rew=0.1915 (0.83 steps/s)
[step 000200] loss=0.2280 flow=0.0007 boot=0.0000 bc=0.1879 rew=0.1332 (0.96 steps/s)
[step 000250] loss=0.1920 flow=0.0008 boot=0.0000 bc=0.1613 rew=0.1017 (1.05 steps/s)
[step 000300] loss=0.1181 flow=0.0006 boot=0.0000 bc=0.0911 rew=0.0895 (1.13 steps/s)
[step 000350] loss=0.0905 flow=0.0007 boot=0.0000 bc=0.0636 rew=0.0891 (1.19 steps/s)
[step 000400] loss=0.0642 flow=0.0008 boot=0.0000 bc=0.0403 rew=0.0791 (1.24 steps/s)
[step 000450] loss=0.0562 flow=0.0008 boot=0.0000 bc=0.0342 rew=0.0726 (1.28 steps/s)
[step 000500] loss=0.0481 flow=0.0009 boot=0.0000 bc=0.0314 rew=0.0549 (1.27 steps/s)
[step 000550] loss=0.0424 flow=0.0009 boot=0.0000 bc=0.0277 rew=0.0484 (1.27 steps/s)
[step 000600] loss=0.0396 flow=0.0009 boot=0.0000 bc=0.0279 rew=0.0385 (1.27 steps/s)
[step 000650] loss=0.0360 flow=0.0010 boot=0.0000 bc=0.0244 rew=0.0380 (1.27 steps/s)
[step 000700] loss=0.0357 flow=0.0009 boot=0.0000 bc=0.0250 rew=0.0350 (1.27 steps/s)
[step 000750] loss=0.0342 flow=0.0011 boot=0.0000 bc=0.0257 rew=0.0275 (1.28 steps/s)
[step 000800] loss=0.0309 flow=0.0011 boot=0.0000 bc=0.0237 rew=0.0231 (1.28 steps/s)
[step 000850] loss=0.0317 flow=0.0010 boot=0.0000 bc=0.0236 rew=0.0261 (1.28 steps/s)
[step 000900] loss=0.0304 flow=0.0011 boot=0.0000 bc=0.0241 rew=0.0202 (1.28 steps/s)
[step 000950] loss=0.0337 flow=0.0011 boot=0.0000 bc=0.0245 rew=0.0296 (1.28 steps/s)
[step 001000] loss=0.0315 flow=0.0011 boot=0.0000 bc=0.0240 rew=0.0240 (1.28 steps/s)
Saved checkpoint to ckpts/calvin/dreamer4/bc_rew_heads_96p at step 1000
[step 001050] loss=0.0290 flow=0.0010 boot=0.0000 bc=0.0239 rew=0.0161 (1.28 steps/s)
[step 001100] loss=0.0298 flow=0.0010 boot=0.0000 bc=0.0228 rew=0.0228 (1.28 steps/s)
[step 001150] loss=0.0269 flow=0.0010 boot=0.0000 bc=0.0207 rew=0.0198 (1.29 steps/s)
[step 001200] loss=0.0273 flow=0.0011 boot=0.0000 bc=0.0222 rew=0.0161 (1.29 steps/s)
[step 001250] loss=0.0288 flow=0.0010 boot=0.0000 bc=0.0226 rew=0.0200 (1.29 steps/s)
[step 001300] loss=0.0276 flow=0.0009 boot=0.0000 bc=0.0198 rew=0.0252 (1.29 steps/s)
[step 001350] loss=0.0284 flow=0.0010 boot=0.0000 bc=0.0198 rew=0.0281 (1.29 steps/s)
[step 001400] loss=0.0296 flow=0.0009 boot=0.0000 bc=0.0208 rew=0.0284 (1.29 steps/s)
[step 001450] loss=0.0260 flow=0.0011 boot=0.0000 bc=0.0170 rew=0.0291 (1.29 steps/s)
[step 001500] loss=0.0322 flow=0.0010 boot=0.0000 bc=0.0223 rew=0.0324 (1.29 steps/s)
[step 001550] loss=0.0302 flow=0.0011 boot=0.0000 bc=0.0220 rew=0.0264 (1.30 steps/s)
[step 001600] loss=0.0276 flow=0.0010 boot=0.0000 bc=0.0207 rew=0.0222 (1.30 steps/s)
[step 001650] loss=0.0313 flow=0.0011 boot=0.0000 bc=0.0234 rew=0.0255 (1.30 steps/s)
[step 001700] loss=0.0292 flow=0.0012 boot=0.0000 bc=0.0216 rew=0.0241 (1.29 steps/s)
[step 001750] loss=0.0288 flow=0.0010 boot=0.0000 bc=0.0214 rew=0.0238 (1.28 steps/s)
[step 001800] loss=0.0279 flow=0.0010 boot=0.0000 bc=0.0212 rew=0.0215 (1.26 steps/s)
[step 001850] loss=0.0266 flow=0.0010 boot=0.0000 bc=0.0202 rew=0.0203 (1.26 steps/s)
[step 001900] loss=0.0261 flow=0.0011 boot=0.0000 bc=0.0192 rew=0.0218 (1.25 steps/s)
[step 001950] loss=0.0278 flow=0.0010 boot=0.0000 bc=0.0222 rew=0.0177 (1.24 steps/s)
[step 002000] loss=0.0272 flow=0.0011 boot=0.0000 bc=0.0204 rew=0.0215 (1.25 steps/s)
Saved checkpoint to ckpts/calvin/dreamer4/bc_rew_heads_96p at step 2000
[step 002050] loss=0.0259 flow=0.0011 boot=0.0000 bc=0.0196 rew=0.0200 (1.24 steps/s)
[step 002100] loss=0.0251 flow=0.0010 boot=0.0000 bc=0.0197 rew=0.0170 (1.20 steps/s)
[step 002150] loss=0.0262 flow=0.0011 boot=0.0000 bc=0.0195 rew=0.0214 (1.17 steps/s)
[step 002200] loss=0.0257 flow=0.0012 boot=0.0000 bc=0.0168 rew=0.0288 (1.17 steps/s)
[step 002250] loss=0.0255 flow=0.0014 boot=0.0000 bc=0.0184 rew=0.0224 (1.17 steps/s)
[step 002300] loss=0.0319 flow=0.0012 boot=0.0000 bc=0.0236 rew=0.0267 (1.17 steps/s)
[step 002350] loss=0.0217 flow=0.0012 boot=0.0000 bc=0.0160 rew=0.0180 (1.16 steps/s)
[step 002400] loss=0.0271 flow=0.0011 boot=0.0000 bc=0.0191 rew=0.0256 (1.16 steps/s)
[step 002450] loss=0.0275 flow=0.0010 boot=0.0000 bc=0.0203 rew=0.0232 (1.16 steps/s)
[step 002500] loss=0.0270 flow=0.0012 boot=0.0000 bc=0.0205 rew=0.0206 (1.15 steps/s)
[step 002550] loss=0.0281 flow=0.0013 boot=0.0000 bc=0.0194 rew=0.0282 (1.16 steps/s)
[step 002600] loss=0.0251 flow=0.0012 boot=0.0000 bc=0.0184 rew=0.0215 (1.16 steps/s)
[step 002650] loss=0.0211 flow=0.0014 boot=0.0000 bc=0.0167 rew=0.0135 (1.17 steps/s)
[step 002700] loss=0.0249 flow=0.0013 boot=0.0000 bc=0.0195 rew=0.0169 (1.17 steps/s)
[step 002750] loss=0.0252 flow=0.0012 boot=0.0000 bc=0.0187 rew=0.0208 (1.17 steps/s)
[step 002800] loss=0.0237 flow=0.0012 boot=0.0000 bc=0.0189 rew=0.0151 (1.16 steps/s)
[step 002850] loss=0.0246 flow=0.0013 boot=0.0000 bc=0.0203 rew=0.0135 (1.16 steps/s)
[step 002900] loss=0.0209 flow=0.0012 boot=0.0000 bc=0.0167 rew=0.0128 (1.16 steps/s)
[step 002950] loss=0.0236 flow=0.0013 boot=0.0000 bc=0.0194 rew=0.0131 (1.16 steps/s)
[step 003000] loss=0.0218 flow=0.0012 boot=0.0000 bc=0.0180 rew=0.0115 (1.17 steps/s)
Saved checkpoint to ckpts/calvin/dreamer4/bc_rew_heads_96p at step 3000
[step 003050] loss=0.0222 flow=0.0012 boot=0.0000 bc=0.0179 rew=0.0135 (1.17 steps/s)
[step 003100] loss=0.0228 flow=0.0013 boot=0.0000 bc=0.0185 rew=0.0131 (1.17 steps/s)
[step 003150] loss=0.0247 flow=0.0013 boot=0.0000 bc=0.0204 rew=0.0133 (1.17 steps/s)
[step 003200] loss=0.0215 flow=0.0014 boot=0.0000 bc=0.0176 rew=0.0119 (1.18 steps/s)
[step 003250] loss=0.0231 flow=0.0014 boot=0.0000 bc=0.0190 rew=0.0126 (1.18 steps/s)
[step 003300] loss=0.0230 flow=0.0014 boot=0.0000 bc=0.0189 rew=0.0122 (1.18 steps/s)
[step 003350] loss=0.0223 flow=0.0015 boot=0.0000 bc=0.0177 rew=0.0143 (1.18 steps/s)
[step 003400] loss=0.0246 flow=0.0014 boot=0.0000 bc=0.0201 rew=0.0139 (1.18 steps/s)
[step 003450] loss=0.0226 flow=0.0016 boot=0.0000 bc=0.0188 rew=0.0113 (1.19 steps/s)
[step 003500] loss=0.0227 flow=0.0015 boot=0.0000 bc=0.0184 rew=0.0130 (1.19 steps/s)
[step 003550] loss=0.0219 flow=0.0016 boot=0.0000 bc=0.0170 rew=0.0149 (1.19 steps/s)
[step 003600] loss=0.0209 flow=0.0016 boot=0.0000 bc=0.0169 rew=0.0119 (1.19 steps/s)
[step 003650] loss=0.0231 flow=0.0016 boot=0.0000 bc=0.0191 rew=0.0122 (1.19 steps/s)
[step 003700] loss=0.0206 flow=0.0016 boot=0.0000 bc=0.0164 rew=0.0127 (1.20 steps/s)
[step 003750] loss=0.0224 flow=0.0016 boot=0.0000 bc=0.0181 rew=0.0133 (1.20 steps/s)
[step 003800] loss=0.0229 flow=0.0015 boot=0.0000 bc=0.0185 rew=0.0134 (1.20 steps/s)
[step 003850] loss=0.0211 flow=0.0015 boot=0.0000 bc=0.0175 rew=0.0109 (1.20 steps/s)
[step 003900] loss=0.0226 flow=0.0014 boot=0.0000 bc=0.0187 rew=0.0118 (1.20 steps/s)
[step 003950] loss=0.0220 flow=0.0015 boot=0.0000 bc=0.0182 rew=0.0113 (1.20 steps/s)
[step 004000] loss=0.0199 flow=0.0014 boot=0.0000 bc=0.0157 rew=0.0127 (1.20 steps/s)
Saved checkpoint to ckpts/calvin/dreamer4/bc_rew_heads_96p at step 4000
[step 004050] loss=0.0217 flow=0.0017 boot=0.0000 bc=0.0178 rew=0.0117 (1.20 steps/s)
[step 004100] loss=0.0211 flow=0.0015 boot=0.0000 bc=0.0164 rew=0.0141 (1.21 steps/s)
[step 004150] loss=0.0232 flow=0.0015 boot=0.0000 bc=0.0186 rew=0.0142 (1.20 steps/s)
[step 004200] loss=0.0269 flow=0.0019 boot=0.0000 bc=0.0228 rew=0.0124 (1.20 steps/s)
[step 004250] loss=0.0216 flow=0.0018 boot=0.0000 bc=0.0178 rew=0.0111 (1.19 steps/s)
[step 004300] loss=0.0243 flow=0.0017 boot=0.0000 bc=0.0198 rew=0.0136 (1.19 steps/s)
[step 004350] loss=0.0215 flow=0.0017 boot=0.0000 bc=0.0176 rew=0.0116 (1.20 steps/s)
[step 004400] loss=0.0214 flow=0.0019 boot=0.0000 bc=0.0175 rew=0.0114 (1.20 steps/s)
[step 004450] loss=0.0216 flow=0.0021 boot=0.0000 bc=0.0172 rew=0.0130 (1.20 steps/s)
[step 004500] loss=0.0224 flow=0.0021 boot=0.0000 bc=0.0181 rew=0.0127 (1.20 steps/s)
[step 004550] loss=0.0195 flow=0.0018 boot=0.0000 bc=0.0155 rew=0.0117 (1.20 steps/s)
[step 004600] loss=0.0232 flow=0.0017 boot=0.0000 bc=0.0194 rew=0.0113 (1.20 steps/s)
[step 004650] loss=0.0229 flow=0.0019 boot=0.0000 bc=0.0191 rew=0.0112 (1.20 steps/s)
[step 004700] loss=0.0231 flow=0.0020 boot=0.0000 bc=0.0180 rew=0.0152 (1.20 steps/s)
[step 004750] loss=0.0218 flow=0.0023 boot=0.0000 bc=0.0168 rew=0.0150 (1.20 steps/s)
[step 004800] loss=0.0213 flow=0.0021 boot=0.0000 bc=0.0170 rew=0.0124 (1.19 steps/s)
[step 004850] loss=0.0212 flow=0.0021 boot=0.0000 bc=0.0171 rew=0.0119 (1.19 steps/s)
[step 004900] loss=0.0197 flow=0.0016 boot=0.0000 bc=0.0155 rew=0.0127 (1.19 steps/s)
[step 004950] loss=0.0216 flow=0.0019 boot=0.0000 bc=0.0177 rew=0.0115 (1.19 steps/s)
[step 005000] loss=0.0197 flow=0.0020 boot=0.0001 bc=0.0153 rew=0.0129 (1.19 steps/s)
Running CALVIN environment validation...
Traceback (most recent call last):
  File "/home/4bkang/rl/worldmodel/jasmine/dreamer4/train_bc_rew_heads_calvin.py", line 813, in <module>
    main(tyro.cli(Args))
  File "/home/4bkang/rl/worldmodel/jasmine/dreamer4/train_bc_rew_heads_calvin.py", line 768, in main
    val_metrics, val_videos = run_calvin_env_validation(
                              ^^^^^^^^^^^^^^^^^^^^^^^^^^
  File "/home/4bkang/rl/worldmodel/jasmine/dreamer4/calvin_bc_validation.py", line 437, in run_calvin_env_validation
    action = _predict_action(
             ^^^^^^^^^^^^^^^^
  File "/home/4bkang/rl/worldmodel/jasmine/dreamer4/calvin_bc_validation.py", line 285, in _predict_action
    z_btld = tokenizer.mask_and_encode(videos.astype(args.dtype), rng=None, training=False)["z"]
             ^^^^^^^^^^^^^^^^^^^^^^^^^^^^^^^^^^^^^^^^^^^^^^^^^^^^^^^^^^^^^^^^^^^^^^^^^^^^^^
  File "/home/4bkang/rl/worldmodel/jasmine/models/dreamer4_models.py", line 1006, in mask_and_encode
    z_BTSM = self.encoder(patch_BTSM)
             ^^^^^^^^^^^^^^^^^^^^^^^^
  File "/home/4bkang/rl/worldmodel/jasmine/models/dreamer4_models.py", line 806, in __call__
    x_BTNM = block(x_BTNM)
             ^^^^^^^^^^^^^
  File "/home/4bkang/rl/worldmodel/.venv/lib/python3.11/site-packages/flax/nnx/transforms/transforms.py", line 73, in resolve_kwargs_wrapper
    return f(*args)
           ^^^^^^^^
  File "/home/4bkang/rl/worldmodel/.venv/lib/python3.11/site-packages/flax/nnx/graph.py", line 2045, in update_context_manager_wrapper
    return f(*args, **kwargs)
           ^^^^^^^^^^^^^^^^^^
  File "/home/4bkang/rl/worldmodel/.venv/lib/python3.11/site-packages/flax/nnx/graph.py", line 2045, in update_context_manager_wrapper
    return f(*args, **kwargs)
           ^^^^^^^^^^^^^^^^^^
  File "/home/4bkang/rl/worldmodel/.venv/lib/python3.11/site-packages/flax/nnx/transforms/general.py", line 153, in split_inputs_wrapper
    pure_args_out, pure_out = f(*pure_args)
                              ^^^^^^^^^^^^^
  File "/home/4bkang/rl/worldmodel/.venv/lib/python3.11/site-packages/flax/nnx/transforms/general.py", line 198, in merge_inputs_wrapper
    out = f(*args)
          ^^^^^^^^
  File "/home/4bkang/rl/worldmodel/jasmine/models/dreamer4_models.py", line 673, in __call__
    z_BTNM = self.spatial_attention(z_BTNM, sow_weights=self.sow_weights)
             ^^^^^^^^^^^^^^^^^^^^^^^^^^^^^^^^^^^^^^^^^^^^^^^^^^^^^^^^^^^^
  File "/home/4bkang/rl/worldmodel/.venv/lib/python3.11/site-packages/flax/nnx/nn/attention.py", line 594, in __call__
    x = self.attention_fn(
        ^^^^^^^^^^^^^^^^^^
  File "/home/4bkang/rl/worldmodel/jasmine/models/dreamer4_models.py", line 267, in attention_fn
    output_4d = jax.nn.dot_product_attention(
                ^^^^^^^^^^^^^^^^^^^^^^^^^^^^^
  File "/home/4bkang/rl/worldmodel/.venv/lib/python3.11/site-packages/jax/_src/nn/functions.py", line 1238, in dot_product_attention
    out = cudnn_dot_product_attention(
          ^^^^^^^^^^^^^^^^^^^^^^^^^^^^
  File "/home/4bkang/rl/worldmodel/.venv/lib/python3.11/site-packages/jax/_src/cudnn/fused_attention_stablehlo.py", line 2041, in dot_product_attention
    check_layout(query, key, value, bias, q_seqlen, kv_seqlen, q_offsets, kv_offsets,
  File "/home/4bkang/rl/worldmodel/.venv/lib/python3.11/site-packages/jax/_src/cudnn/fused_attention_stablehlo.py", line 337, in check_layout
    raise ValueError(
ValueError: Bias must have same seq length as QKV, got 71 and 71
--------------------
For simplicity, JAX has removed its internal frames from the traceback of the following exception. Set JAX_TRACEBACK_FILTERING=off to include these.
[1;34mwandb[0m: 
[1;34mwandb[0m: 🚀 View run [33mbc_rew_heads_dreamer4_calvin_mpnet[0m at: [34mhttps://wandb.ai/4bkang/jasmine/runs/ryck5snk[0m
[1;34mwandb[0m: Find logs at: [1;35mwandb/run-20260320_233403-ryck5snk/logs[0m
/home/4bkang/.local/share/uv/python/cpython-3.11.14-linux-x86_64-gnu/lib/python3.11/multiprocessing/resource_tracker.py:254: UserWarning: resource_tracker: There appear to be 102 leaked shared_memory objects to clean up at shutdown
  warnings.warn('resource_tracker: There appear to be %d '
************************
Job 113164 ended!
