Uninstalled 1 package in 31ms
Installed 1 package in 33ms
wandb: [wandb.login()] Loaded credentials for https://api.wandb.ai from /home/4bkang/.netrc.
wandb: Currently logged in as: 4bkang (gcnmt) to https://api.wandb.ai. Use `wandb login --relogin` to force relogin
wandb: setting up run qxa1kue3
wandb: Tracking run with wandb version 0.24.1
wandb: Run data is saved locally in /home/4bkang/rl/worldmodel/wandb/run-20260321_195001-qxa1kue3
wandb: Run `wandb offline` to turn off syncing.
wandb: Syncing run bc_rew_heads_dreamer4_calvin_mpnet
wandb: ⭐️ View project at https://wandb.ai/4bkang/jasmine
wandb: 🚀 View run at https://wandb.ai/4bkang/jasmine/runs/qxa1kue3
Running on 4 device(s).
Parameter counts:
Counting all components: ['dynamics', 'policy_head', 'reward_head']
{'dynamics': 62182432, 'policy_head': 2372878, 'reward_head': 2517450, 'total': 67072760}
Restored Dreamer4 tokenizer from ckpts/calvin/dreamer4/tokenizer_96p
Restored pretrained dynamics from step 50000 (ckpts/calvin/dreamer4/dynamics_96p_s)
CALVINLangDataSource: 22966 annotated segments from 1 dir(s), lang_folder=lang_all-mpnet-base-v2
wandb: Encoding video...
wandb: Encoding video...
wandb: Encoding video...
wandb: Encoding video...
wandb: Encoding video...
wandb: Encoding video...
wandb: Encoding video...
wandb: Encoding video...
wandb: Encoding video...
wandb: Encoding video...
wandb: Encoding video...
wandb: Encoding video...
[step 000000] loss=68.2102 flow=0.0006 boot=0.0000 bc=65.2178 rew=9.9738 (0.01 steps/s)
[step 000050] loss=2.3876 flow=0.0006 boot=0.0000 bc=1.0096 rew=4.5928 (0.38 steps/s)
[step 000100] loss=1.1479 flow=0.0007 boot=0.0000 bc=0.6523 rew=1.6513 (0.63 steps/s)
[step 000150] loss=0.3747 flow=0.0006 boot=0.0000 bc=0.3171 rew=0.1914 (0.80 steps/s)
[step 000200] loss=0.2280 flow=0.0007 boot=0.0000 bc=0.1879 rew=0.1331 (0.93 steps/s)
[step 000250] loss=0.1920 flow=0.0008 boot=0.0000 bc=0.1614 rew=0.1017 (1.03 steps/s)
[step 000300] loss=0.1179 flow=0.0006 boot=0.0000 bc=0.0909 rew=0.0895 (1.11 steps/s)
[step 000350] loss=0.0907 flow=0.0007 boot=0.0000 bc=0.0638 rew=0.0890 (1.17 steps/s)
[step 000400] loss=0.0642 flow=0.0008 boot=0.0000 bc=0.0402 rew=0.0793 (1.22 steps/s)
[step 000450] loss=0.0562 flow=0.0008 boot=0.0000 bc=0.0342 rew=0.0727 (1.26 steps/s)
[step 000500] loss=0.0495 flow=0.0009 boot=0.0000 bc=0.0329 rew=0.0547 (1.30 steps/s)
[step 000550] loss=0.0424 flow=0.0009 boot=0.0000 bc=0.0277 rew=0.0482 (1.32 steps/s)
[step 000600] loss=0.0393 flow=0.0009 boot=0.0000 bc=0.0279 rew=0.0373 (1.33 steps/s)
[step 000650] loss=0.0360 flow=0.0010 boot=0.0000 bc=0.0244 rew=0.0380 (1.34 steps/s)
[step 000700] loss=0.0355 flow=0.0009 boot=0.0000 bc=0.0248 rew=0.0350 (1.34 steps/s)
[step 000750] loss=0.0337 flow=0.0011 boot=0.0000 bc=0.0250 rew=0.0282 (1.36 steps/s)
[step 000800] loss=0.0311 flow=0.0011 boot=0.0000 bc=0.0239 rew=0.0232 (1.37 steps/s)
[step 000850] loss=0.0314 flow=0.0010 boot=0.0000 bc=0.0235 rew=0.0255 (1.38 steps/s)
[step 000900] loss=0.0304 flow=0.0011 boot=0.0000 bc=0.0241 rew=0.0199 (1.39 steps/s)
[step 000950] loss=0.0334 flow=0.0011 boot=0.0000 bc=0.0246 rew=0.0287 (1.40 steps/s)
[step 001000] loss=0.0319 flow=0.0011 boot=0.0000 bc=0.0240 rew=0.0254 (1.40 steps/s)
Saved checkpoint to ckpts/calvin/dreamer4/bc_rew_heads_96p at step 1000
[step 001050] loss=0.0289 flow=0.0010 boot=0.0000 bc=0.0238 rew=0.0160 (1.41 steps/s)
[step 001100] loss=0.0299 flow=0.0010 boot=0.0000 bc=0.0228 rew=0.0228 (1.41 steps/s)
[step 001150] loss=0.0269 flow=0.0010 boot=0.0000 bc=0.0207 rew=0.0199 (1.42 steps/s)
[step 001200] loss=0.0274 flow=0.0011 boot=0.0000 bc=0.0224 rew=0.0159 (1.42 steps/s)
[step 001250] loss=0.0285 flow=0.0010 boot=0.0000 bc=0.0228 rew=0.0183 (1.42 steps/s)
[step 001300] loss=0.0278 flow=0.0009 boot=0.0000 bc=0.0198 rew=0.0257 (1.42 steps/s)
[step 001350] loss=0.0287 flow=0.0010 boot=0.0000 bc=0.0197 rew=0.0294 (1.43 steps/s)
[step 001400] loss=0.0295 flow=0.0009 boot=0.0000 bc=0.0207 rew=0.0286 (1.43 steps/s)
[step 001450] loss=0.0261 flow=0.0011 boot=0.0000 bc=0.0172 rew=0.0287 (1.43 steps/s)
[step 001500] loss=0.0333 flow=0.0010 boot=0.0000 bc=0.0230 rew=0.0334 (1.43 steps/s)
[step 001550] loss=0.0294 flow=0.0011 boot=0.0000 bc=0.0215 rew=0.0254 (1.44 steps/s)
[step 001600] loss=0.0275 flow=0.0010 boot=0.0000 bc=0.0206 rew=0.0221 (1.44 steps/s)
[step 001650] loss=0.0311 flow=0.0011 boot=0.0000 bc=0.0232 rew=0.0254 (1.44 steps/s)
[step 001700] loss=0.0287 flow=0.0012 boot=0.0000 bc=0.0213 rew=0.0235 (1.44 steps/s)
[step 001750] loss=0.0291 flow=0.0010 boot=0.0000 bc=0.0219 rew=0.0231 (1.45 steps/s)
[step 001800] loss=0.0281 flow=0.0010 boot=0.0000 bc=0.0218 rew=0.0200 (1.45 steps/s)
[step 001850] loss=0.0266 flow=0.0010 boot=0.0000 bc=0.0203 rew=0.0199 (1.45 steps/s)
[step 001900] loss=0.0260 flow=0.0011 boot=0.0000 bc=0.0193 rew=0.0212 (1.45 steps/s)
[step 001950] loss=0.0272 flow=0.0010 boot=0.0000 bc=0.0215 rew=0.0180 (1.45 steps/s)
[step 002000] loss=0.0268 flow=0.0011 boot=0.0000 bc=0.0207 rew=0.0195 (1.45 steps/s)
Saved checkpoint to ckpts/calvin/dreamer4/bc_rew_heads_96p at step 2000
[step 002050] loss=0.0254 flow=0.0011 boot=0.0000 bc=0.0195 rew=0.0187 (1.45 steps/s)
[step 002100] loss=0.0248 flow=0.0010 boot=0.0000 bc=0.0196 rew=0.0163 (1.45 steps/s)
[step 002150] loss=0.0259 flow=0.0011 boot=0.0000 bc=0.0194 rew=0.0206 (1.44 steps/s)
[step 002200] loss=0.0253 flow=0.0012 boot=0.0000 bc=0.0167 rew=0.0276 (1.45 steps/s)
[step 002250] loss=0.0262 flow=0.0013 boot=0.0000 bc=0.0190 rew=0.0231 (1.45 steps/s)
[step 002300] loss=0.0308 flow=0.0012 boot=0.0000 bc=0.0227 rew=0.0260 (1.45 steps/s)
[step 002350] loss=0.0219 flow=0.0012 boot=0.0000 bc=0.0163 rew=0.0177 (1.45 steps/s)
[step 002400] loss=0.0267 flow=0.0010 boot=0.0000 bc=0.0190 rew=0.0247 (1.45 steps/s)
[step 002450] loss=0.0267 flow=0.0010 boot=0.0000 bc=0.0198 rew=0.0222 (1.45 steps/s)
[step 002500] loss=0.0255 flow=0.0012 boot=0.0000 bc=0.0199 rew=0.0179 (1.45 steps/s)
[step 002550] loss=0.0248 flow=0.0013 boot=0.0000 bc=0.0193 rew=0.0175 (1.45 steps/s)
[step 002600] loss=0.0234 flow=0.0012 boot=0.0000 bc=0.0184 rew=0.0156 (1.45 steps/s)
[step 002650] loss=0.0206 flow=0.0014 boot=0.0000 bc=0.0166 rew=0.0121 (1.45 steps/s)
[step 002700] loss=0.0255 flow=0.0013 boot=0.0000 bc=0.0211 rew=0.0137 (1.45 steps/s)
[step 002750] loss=0.0225 flow=0.0012 boot=0.0000 bc=0.0175 rew=0.0155 (1.45 steps/s)
[step 002800] loss=0.0244 flow=0.0013 boot=0.0000 bc=0.0195 rew=0.0153 (1.45 steps/s)
[step 002850] loss=0.0251 flow=0.0013 boot=0.0000 bc=0.0203 rew=0.0147 (1.45 steps/s)
[step 002900] loss=0.0215 flow=0.0012 boot=0.0000 bc=0.0169 rew=0.0143 (1.45 steps/s)
[step 002950] loss=0.0250 flow=0.0013 boot=0.0000 bc=0.0199 rew=0.0158 (1.45 steps/s)
[step 003000] loss=0.0215 flow=0.0011 boot=0.0000 bc=0.0173 rew=0.0131 (1.45 steps/s)
Saved checkpoint to ckpts/calvin/dreamer4/bc_rew_heads_96p at step 3000
[step 003050] loss=0.0231 flow=0.0012 boot=0.0000 bc=0.0178 rew=0.0168 (1.45 steps/s)
[step 003100] loss=0.0226 flow=0.0013 boot=0.0000 bc=0.0182 rew=0.0136 (1.45 steps/s)
[step 003150] loss=0.0251 flow=0.0013 boot=0.0000 bc=0.0201 rew=0.0155 (1.45 steps/s)
[step 003200] loss=0.0229 flow=0.0013 boot=0.0000 bc=0.0183 rew=0.0141 (1.45 steps/s)
[step 003250] loss=0.0235 flow=0.0014 boot=0.0000 bc=0.0192 rew=0.0130 (1.45 steps/s)
[step 003300] loss=0.0232 flow=0.0015 boot=0.0000 bc=0.0189 rew=0.0134 (1.45 steps/s)
[step 003350] loss=0.0224 flow=0.0015 boot=0.0000 bc=0.0177 rew=0.0145 (1.45 steps/s)
[step 003400] loss=0.0254 flow=0.0014 boot=0.0000 bc=0.0203 rew=0.0160 (1.45 steps/s)
[step 003450] loss=0.0231 flow=0.0016 boot=0.0000 bc=0.0187 rew=0.0135 (1.45 steps/s)
[step 003500] loss=0.0231 flow=0.0015 boot=0.0000 bc=0.0184 rew=0.0146 (1.45 steps/s)
[step 003550] loss=0.0214 flow=0.0016 boot=0.0000 bc=0.0171 rew=0.0133 (1.45 steps/s)
[step 003600] loss=0.0215 flow=0.0016 boot=0.0000 bc=0.0172 rew=0.0130 (1.45 steps/s)
[step 003650] loss=0.0229 flow=0.0015 boot=0.0000 bc=0.0185 rew=0.0135 (1.45 steps/s)
[step 003700] loss=0.0205 flow=0.0015 boot=0.0000 bc=0.0159 rew=0.0140 (1.45 steps/s)
[step 003750] loss=0.0230 flow=0.0016 boot=0.0000 bc=0.0182 rew=0.0148 (1.45 steps/s)
[step 003800] loss=0.0240 flow=0.0016 boot=0.0000 bc=0.0188 rew=0.0158 (1.45 steps/s)
[step 003850] loss=0.0207 flow=0.0014 boot=0.0000 bc=0.0169 rew=0.0116 (1.45 steps/s)
[step 003900] loss=0.0221 flow=0.0015 boot=0.0000 bc=0.0179 rew=0.0129 (1.45 steps/s)
[step 003950] loss=0.0221 flow=0.0015 boot=0.0000 bc=0.0178 rew=0.0130 (1.45 steps/s)
[step 004000] loss=0.0201 flow=0.0014 boot=0.0000 bc=0.0160 rew=0.0126 (1.45 steps/s)
Saved checkpoint to ckpts/calvin/dreamer4/bc_rew_heads_96p at step 4000
[step 004050] loss=0.0211 flow=0.0017 boot=0.0000 bc=0.0163 rew=0.0145 (1.45 steps/s)
[step 004100] loss=0.0223 flow=0.0017 boot=0.0000 bc=0.0165 rew=0.0179 (1.45 steps/s)
[step 004150] loss=0.0226 flow=0.0016 boot=0.0000 bc=0.0178 rew=0.0144 (1.45 steps/s)
[step 004200] loss=0.0254 flow=0.0018 boot=0.0000 bc=0.0207 rew=0.0140 (1.45 steps/s)
[step 004250] loss=0.0215 flow=0.0016 boot=0.0000 bc=0.0174 rew=0.0126 (1.44 steps/s)
[step 004300] loss=0.0248 flow=0.0016 boot=0.0000 bc=0.0197 rew=0.0158 (1.44 steps/s)
[step 004350] loss=0.0202 flow=0.0015 boot=0.0000 bc=0.0161 rew=0.0124 (1.44 steps/s)
[step 004400] loss=0.0209 flow=0.0017 boot=0.0000 bc=0.0165 rew=0.0133 (1.44 steps/s)
[step 004450] loss=0.0212 flow=0.0019 boot=0.0000 bc=0.0167 rew=0.0136 (1.44 steps/s)
[step 004500] loss=0.0230 flow=0.0019 boot=0.0000 bc=0.0183 rew=0.0141 (1.44 steps/s)
[step 004550] loss=0.0210 flow=0.0018 boot=0.0000 bc=0.0161 rew=0.0147 (1.44 steps/s)
[step 004600] loss=0.0228 flow=0.0019 boot=0.0000 bc=0.0184 rew=0.0132 (1.44 steps/s)
[step 004650] loss=0.0210 flow=0.0017 boot=0.0000 bc=0.0169 rew=0.0125 (1.45 steps/s)
[step 004700] loss=0.0209 flow=0.0018 boot=0.0000 bc=0.0163 rew=0.0140 (1.45 steps/s)
[step 004750] loss=0.0226 flow=0.0017 boot=0.0000 bc=0.0173 rew=0.0162 (1.45 steps/s)
[step 004800] loss=0.0219 flow=0.0020 boot=0.0000 bc=0.0175 rew=0.0132 (1.45 steps/s)
[step 004850] loss=0.0223 flow=0.0023 boot=0.0000 bc=0.0177 rew=0.0133 (1.45 steps/s)
[step 004900] loss=0.0211 flow=0.0018 boot=0.0000 bc=0.0168 rew=0.0129 (1.45 steps/s)
[step 004950] loss=0.0214 flow=0.0022 boot=0.0000 bc=0.0172 rew=0.0122 (1.45 steps/s)
[step 005000] loss=0.0220 flow=0.0021 boot=0.0001 bc=0.0164 rew=0.0169 (1.45 steps/s)
Running CALVIN environment validation...
[step 005000] val_success=0.2500 val_steps=105.00
Saved checkpoint to ckpts/calvin/dreamer4/bc_rew_heads_96p at step 5000
[step 005050] loss=0.0215 flow=0.0018 boot=0.0002 bc=0.0172 rew=0.0125 (1.28 steps/s)
[step 005100] loss=0.0218 flow=0.0020 boot=0.0001 bc=0.0169 rew=0.0146 (1.29 steps/s)
[step 005150] loss=0.0211 flow=0.0021 boot=0.0001 bc=0.0159 rew=0.0156 (1.29 steps/s)
[step 005200] loss=0.0227 flow=0.0020 boot=0.0001 bc=0.0181 rew=0.0135 (1.29 steps/s)
[step 005250] loss=0.0206 flow=0.0020 boot=0.0002 bc=0.0158 rew=0.0140 (1.30 steps/s)
[step 005300] loss=0.0230 flow=0.0020 boot=0.0002 bc=0.0181 rew=0.0144 (1.30 steps/s)
[step 005350] loss=0.0226 flow=0.0023 boot=0.0002 bc=0.0179 rew=0.0136 (1.30 steps/s)
[step 005400] loss=0.0229 flow=0.0019 boot=0.0002 bc=0.0184 rew=0.0131 (1.31 steps/s)
[step 005450] loss=0.0206 flow=0.0020 boot=0.0002 bc=0.0161 rew=0.0134 (1.31 steps/s)
[step 005500] loss=0.0214 flow=0.0022 boot=0.0001 bc=0.0172 rew=0.0120 (1.31 steps/s)
[step 005550] loss=0.0219 flow=0.0020 boot=0.0002 bc=0.0181 rew=0.0108 (1.32 steps/s)
[step 005600] loss=0.0227 flow=0.0021 boot=0.0002 bc=0.0183 rew=0.0129 (1.32 steps/s)
[step 005650] loss=0.0232 flow=0.0021 boot=0.0002 bc=0.0190 rew=0.0123 (1.32 steps/s)
[step 005700] loss=0.0213 flow=0.0024 boot=0.0002 bc=0.0169 rew=0.0126 (1.32 steps/s)
[step 005750] loss=0.0214 flow=0.0020 boot=0.0002 bc=0.0168 rew=0.0136 (1.33 steps/s)
[step 005800] loss=0.0197 flow=0.0023 boot=0.0002 bc=0.0154 rew=0.0122 (1.33 steps/s)
[step 005850] loss=0.0199 flow=0.0019 boot=0.0002 bc=0.0158 rew=0.0120 (1.33 steps/s)
[step 005900] loss=0.0211 flow=0.0021 boot=0.0002 bc=0.0169 rew=0.0124 (1.34 steps/s)
[step 005950] loss=0.0188 flow=0.0021 boot=0.0002 bc=0.0146 rew=0.0123 (1.34 steps/s)
[step 006000] loss=0.0210 flow=0.0020 boot=0.0002 bc=0.0170 rew=0.0114 (1.34 steps/s)
Saved checkpoint to ckpts/calvin/dreamer4/bc_rew_heads_96p at step 6000
[step 006050] loss=0.0202 flow=0.0021 boot=0.0002 bc=0.0162 rew=0.0116 (1.34 steps/s)
[step 006100] loss=0.0191 flow=0.0022 boot=0.0002 bc=0.0149 rew=0.0121 (1.35 steps/s)
[step 006150] loss=0.0180 flow=0.0023 boot=0.0002 bc=0.0137 rew=0.0122 (1.35 steps/s)
[step 006200] loss=0.0216 flow=0.0023 boot=0.0002 bc=0.0176 rew=0.0115 (1.35 steps/s)
[step 006250] loss=0.0199 flow=0.0022 boot=0.0001 bc=0.0156 rew=0.0123 (1.35 steps/s)
[step 006300] loss=0.0195 flow=0.0022 boot=0.0001 bc=0.0154 rew=0.0117 (1.36 steps/s)
[step 006350] loss=0.0200 flow=0.0022 boot=0.0001 bc=0.0157 rew=0.0122 (1.36 steps/s)
[step 006400] loss=0.0194 flow=0.0023 boot=0.0002 bc=0.0151 rew=0.0124 (1.36 steps/s)
[step 006450] loss=0.0212 flow=0.0022 boot=0.0002 bc=0.0171 rew=0.0117 (1.36 steps/s)
[step 006500] loss=0.0180 flow=0.0020 boot=0.0002 bc=0.0140 rew=0.0115 (1.37 steps/s)
[step 006550] loss=0.0174 flow=0.0021 boot=0.0001 bc=0.0134 rew=0.0118 (1.37 steps/s)
[step 006600] loss=0.0173 flow=0.0024 boot=0.0002 bc=0.0134 rew=0.0111 (1.37 steps/s)
[step 006650] loss=0.0187 flow=0.0023 boot=0.0002 bc=0.0148 rew=0.0110 (1.37 steps/s)
[step 006700] loss=0.0179 flow=0.0020 boot=0.0002 bc=0.0139 rew=0.0117 (1.37 steps/s)
[step 006750] loss=0.0189 flow=0.0022 boot=0.0002 bc=0.0149 rew=0.0113 (1.38 steps/s)
[step 006800] loss=0.0198 flow=0.0024 boot=0.0002 bc=0.0157 rew=0.0118 (1.38 steps/s)
[step 006850] loss=0.0176 flow=0.0022 boot=0.0002 bc=0.0135 rew=0.0114 (1.38 steps/s)
[step 006900] loss=0.0192 flow=0.0022 boot=0.0002 bc=0.0150 rew=0.0120 (1.38 steps/s)
[step 006950] loss=0.0200 flow=0.0019 boot=0.0002 bc=0.0162 rew=0.0112 (1.39 steps/s)
[step 007000] loss=0.0199 flow=0.0024 boot=0.0002 bc=0.0159 rew=0.0110 (1.39 steps/s)
Saved checkpoint to ckpts/calvin/dreamer4/bc_rew_heads_96p at step 7000
[step 007050] loss=0.0187 flow=0.0024 boot=0.0001 bc=0.0143 rew=0.0126 (1.39 steps/s)
[step 007100] loss=0.0183 flow=0.0021 boot=0.0002 bc=0.0142 rew=0.0117 (1.39 steps/s)
[step 007150] loss=0.0188 flow=0.0025 boot=0.0002 bc=0.0146 rew=0.0119 (1.39 steps/s)
[step 007200] loss=0.0200 flow=0.0024 boot=0.0002 bc=0.0160 rew=0.0113 (1.39 steps/s)
[step 007250] loss=0.0177 flow=0.0022 boot=0.0002 bc=0.0136 rew=0.0115 (1.39 steps/s)
[step 007300] loss=0.0192 flow=0.0022 boot=0.0001 bc=0.0150 rew=0.0122 (1.39 steps/s)
[step 007350] loss=0.0191 flow=0.0023 boot=0.0001 bc=0.0146 rew=0.0128 (1.39 steps/s)
[step 007400] loss=0.0187 flow=0.0023 boot=0.0002 bc=0.0145 rew=0.0122 (1.39 steps/s)
[step 007450] loss=0.0207 flow=0.0023 boot=0.0002 bc=0.0164 rew=0.0123 (1.38 steps/s)
[step 007500] loss=0.0179 flow=0.0023 boot=0.0002 bc=0.0139 rew=0.0114 (1.38 steps/s)
[step 007550] loss=0.0159 flow=0.0024 boot=0.0002 bc=0.0118 rew=0.0113 (1.38 steps/s)
[step 007600] loss=0.0184 flow=0.0023 boot=0.0002 bc=0.0139 rew=0.0127 (1.38 steps/s)
[step 007650] loss=0.0178 flow=0.0025 boot=0.0002 bc=0.0137 rew=0.0116 (1.38 steps/s)
[step 007700] loss=0.0183 flow=0.0023 boot=0.0002 bc=0.0142 rew=0.0117 (1.38 steps/s)
[step 007750] loss=0.0171 flow=0.0025 boot=0.0002 bc=0.0129 rew=0.0119 (1.38 steps/s)
[step 007800] loss=0.0199 flow=0.0024 boot=0.0002 bc=0.0158 rew=0.0116 (1.38 steps/s)
[step 007850] loss=0.0192 flow=0.0026 boot=0.0002 bc=0.0150 rew=0.0116 (1.38 steps/s)
[step 007900] loss=0.0163 flow=0.0023 boot=0.0002 bc=0.0120 rew=0.0121 (1.38 steps/s)
[step 007950] loss=0.0168 flow=0.0020 boot=0.0002 bc=0.0128 rew=0.0117 (1.38 steps/s)
[step 008000] loss=0.0156 flow=0.0023 boot=0.0002 bc=0.0115 rew=0.0114 (1.38 steps/s)
Saved checkpoint to ckpts/calvin/dreamer4/bc_rew_heads_96p at step 8000
[step 008050] loss=0.0170 flow=0.0020 boot=0.0002 bc=0.0125 rew=0.0131 (1.38 steps/s)
[step 008100] loss=0.0165 flow=0.0027 boot=0.0002 bc=0.0124 rew=0.0113 (1.38 steps/s)
[step 008150] loss=0.0144 flow=0.0026 boot=0.0002 bc=0.0101 rew=0.0120 (1.38 steps/s)
[step 008200] loss=0.0179 flow=0.0026 boot=0.0001 bc=0.0137 rew=0.0115 (1.38 steps/s)
[step 008250] loss=0.0160 flow=0.0026 boot=0.0002 bc=0.0114 rew=0.0131 (1.38 steps/s)
[step 008300] loss=0.0167 flow=0.0024 boot=0.0002 bc=0.0124 rew=0.0120 (1.38 steps/s)
[step 008350] loss=0.0156 flow=0.0025 boot=0.0002 bc=0.0113 rew=0.0122 (1.38 steps/s)
[step 008400] loss=0.0162 flow=0.0020 boot=0.0002 bc=0.0120 rew=0.0123 (1.38 steps/s)
[step 008450] loss=0.0174 flow=0.0024 boot=0.0002 bc=0.0133 rew=0.0118 (1.38 steps/s)
[step 008500] loss=0.0186 flow=0.0028 boot=0.0002 bc=0.0145 rew=0.0115 (1.38 steps/s)
[step 008550] loss=0.0168 flow=0.0021 boot=0.0002 bc=0.0126 rew=0.0122 (1.38 steps/s)
[step 008600] loss=0.0172 flow=0.0024 boot=0.0002 bc=0.0130 rew=0.0119 (1.38 steps/s)
[step 008650] loss=0.0156 flow=0.0025 boot=0.0002 bc=0.0115 rew=0.0114 (1.38 steps/s)
[step 008700] loss=0.0146 flow=0.0026 boot=0.0002 bc=0.0103 rew=0.0123 (1.38 steps/s)
[step 008750] loss=0.0157 flow=0.0024 boot=0.0002 bc=0.0116 rew=0.0118 (1.38 steps/s)
[step 008800] loss=0.0142 flow=0.0022 boot=0.0002 bc=0.0100 rew=0.0121 (1.38 steps/s)
[step 008850] loss=0.0160 flow=0.0024 boot=0.0002 bc=0.0118 rew=0.0119 (1.38 steps/s)
[step 008900] loss=0.0159 flow=0.0025 boot=0.0002 bc=0.0118 rew=0.0116 (1.38 steps/s)
[step 008950] loss=0.0172 flow=0.0025 boot=0.0002 bc=0.0132 rew=0.0112 (1.38 steps/s)
[step 009000] loss=0.0159 flow=0.0025 boot=0.0002 bc=0.0117 rew=0.0116 (1.38 steps/s)
Saved checkpoint to ckpts/calvin/dreamer4/bc_rew_heads_96p at step 9000
[step 009050] loss=0.0153 flow=0.0028 boot=0.0002 bc=0.0112 rew=0.0115 (1.38 steps/s)
[step 009100] loss=0.0158 flow=0.0027 boot=0.0002 bc=0.0116 rew=0.0116 (1.38 steps/s)
[step 009150] loss=0.0170 flow=0.0024 boot=0.0002 bc=0.0129 rew=0.0115 (1.38 steps/s)
[step 009200] loss=0.0147 flow=0.0025 boot=0.0002 bc=0.0107 rew=0.0112 (1.38 steps/s)
[step 009250] loss=0.0172 flow=0.0024 boot=0.0002 bc=0.0129 rew=0.0122 (1.38 steps/s)
[step 009300] loss=0.0141 flow=0.0023 boot=0.0002 bc=0.0099 rew=0.0120 (1.38 steps/s)
[step 009350] loss=0.0147 flow=0.0022 boot=0.0002 bc=0.0108 rew=0.0113 (1.38 steps/s)
[step 009400] loss=0.0155 flow=0.0027 boot=0.0002 bc=0.0113 rew=0.0117 (1.38 steps/s)
[step 009450] loss=0.0149 flow=0.0025 boot=0.0002 bc=0.0105 rew=0.0124 (1.38 steps/s)
[step 009500] loss=0.0151 flow=0.0024 boot=0.0002 bc=0.0110 rew=0.0116 (1.38 steps/s)
[step 009550] loss=0.0170 flow=0.0024 boot=0.0002 bc=0.0128 rew=0.0120 (1.38 steps/s)
[step 009600] loss=0.0153 flow=0.0028 boot=0.0002 bc=0.0111 rew=0.0118 (1.38 steps/s)
[step 009650] loss=0.0150 flow=0.0026 boot=0.0002 bc=0.0107 rew=0.0119 (1.38 steps/s)
[step 009700] loss=0.0174 flow=0.0024 boot=0.0002 bc=0.0131 rew=0.0120 (1.38 steps/s)
[step 009750] loss=0.0144 flow=0.0021 boot=0.0002 bc=0.0101 rew=0.0122 (1.38 steps/s)
[step 009800] loss=0.0162 flow=0.0024 boot=0.0002 bc=0.0117 rew=0.0127 (1.38 steps/s)
[step 009850] loss=0.0178 flow=0.0026 boot=0.0002 bc=0.0136 rew=0.0118 (1.38 steps/s)
[step 009900] loss=0.0169 flow=0.0027 boot=0.0002 bc=0.0127 rew=0.0117 (1.38 steps/s)
[step 009950] loss=0.0154 flow=0.0028 boot=0.0002 bc=0.0111 rew=0.0121 (1.38 steps/s)
[step 010000] loss=0.0162 flow=0.0028 boot=0.0002 bc=0.0121 rew=0.0111 (1.38 steps/s)
Running CALVIN environment validation...
[step 010000] val_success=0.0000 val_steps=120.00
Saved checkpoint to ckpts/calvin/dreamer4/bc_rew_heads_96p at step 10000
[step 010050] loss=0.0138 flow=0.0024 boot=0.0002 bc=0.0097 rew=0.0115 (1.30 steps/s)
[step 010100] loss=0.0148 flow=0.0028 boot=0.0002 bc=0.0104 rew=0.0122 (1.30 steps/s)
[step 010150] loss=0.0132 flow=0.0025 boot=0.0002 bc=0.0092 rew=0.0114 (1.30 steps/s)
[step 010200] loss=0.0131 flow=0.0025 boot=0.0002 bc=0.0090 rew=0.0116 (1.30 steps/s)
[step 010250] loss=0.0144 flow=0.0024 boot=0.0002 bc=0.0104 rew=0.0112 (1.30 steps/s)
[step 010300] loss=0.0143 flow=0.0026 boot=0.0002 bc=0.0101 rew=0.0118 (1.31 steps/s)
[step 010350] loss=0.0152 flow=0.0028 boot=0.0002 bc=0.0110 rew=0.0114 (1.31 steps/s)
[step 010400] loss=0.0156 flow=0.0026 boot=0.0002 bc=0.0115 rew=0.0114 (1.31 steps/s)
[step 010450] loss=0.0153 flow=0.0029 boot=0.0002 bc=0.0111 rew=0.0118 (1.31 steps/s)
[step 010500] loss=0.0176 flow=0.0028 boot=0.0002 bc=0.0132 rew=0.0123 (1.31 steps/s)
[step 010550] loss=0.0141 flow=0.0029 boot=0.0002 bc=0.0100 rew=0.0114 (1.31 steps/s)
[step 010600] loss=0.0153 flow=0.0025 boot=0.0002 bc=0.0104 rew=0.0140 (1.32 steps/s)
[step 010650] loss=0.0144 flow=0.0024 boot=0.0002 bc=0.0102 rew=0.0117 (1.32 steps/s)
[step 010700] loss=0.0168 flow=0.0023 boot=0.0002 bc=0.0125 rew=0.0126 (1.32 steps/s)
[step 010750] loss=0.0149 flow=0.0023 boot=0.0002 bc=0.0109 rew=0.0115 (1.32 steps/s)
[step 010800] loss=0.0140 flow=0.0027 boot=0.0002 bc=0.0097 rew=0.0122 (1.32 steps/s)
[step 010850] loss=0.0158 flow=0.0025 boot=0.0002 bc=0.0115 rew=0.0122 (1.32 steps/s)
[step 010900] loss=0.0139 flow=0.0026 boot=0.0002 bc=0.0097 rew=0.0120 (1.32 steps/s)
[step 010950] loss=0.0137 flow=0.0028 boot=0.0002 bc=0.0094 rew=0.0120 (1.33 steps/s)
[step 011000] loss=0.0132 flow=0.0023 boot=0.0002 bc=0.0090 rew=0.0120 (1.33 steps/s)
Saved checkpoint to ckpts/calvin/dreamer4/bc_rew_heads_96p at step 11000
[step 011050] loss=0.0117 flow=0.0026 boot=0.0002 bc=0.0075 rew=0.0117 (1.33 steps/s)
[step 011100] loss=0.0139 flow=0.0023 boot=0.0002 bc=0.0098 rew=0.0117 (1.33 steps/s)
[step 011150] loss=0.0119 flow=0.0024 boot=0.0002 bc=0.0078 rew=0.0115 (1.33 steps/s)
[step 011200] loss=0.0129 flow=0.0023 boot=0.0002 bc=0.0089 rew=0.0112 (1.33 steps/s)
[step 011250] loss=0.0152 flow=0.0027 boot=0.0002 bc=0.0111 rew=0.0113 (1.34 steps/s)
[step 011300] loss=0.0141 flow=0.0029 boot=0.0002 bc=0.0098 rew=0.0119 (1.34 steps/s)
[step 011350] loss=0.0120 flow=0.0026 boot=0.0002 bc=0.0079 rew=0.0114 (1.34 steps/s)
[step 011400] loss=0.0131 flow=0.0026 boot=0.0002 bc=0.0087 rew=0.0123 (1.34 steps/s)
[step 011450] loss=0.0132 flow=0.0026 boot=0.0002 bc=0.0091 rew=0.0113 (1.34 steps/s)
[step 011500] loss=0.0130 flow=0.0026 boot=0.0002 bc=0.0087 rew=0.0121 (1.34 steps/s)
[step 011550] loss=0.0124 flow=0.0025 boot=0.0002 bc=0.0084 rew=0.0112 (1.34 steps/s)
[step 011600] loss=0.0127 flow=0.0026 boot=0.0002 bc=0.0082 rew=0.0126 (1.34 steps/s)
[step 011650] loss=0.0130 flow=0.0025 boot=0.0002 bc=0.0088 rew=0.0117 (1.35 steps/s)
[step 011700] loss=0.0130 flow=0.0028 boot=0.0002 bc=0.0086 rew=0.0121 (1.35 steps/s)
[step 011750] loss=0.0145 flow=0.0027 boot=0.0002 bc=0.0093 rew=0.0146 (1.35 steps/s)
[step 011800] loss=0.0124 flow=0.0030 boot=0.0002 bc=0.0079 rew=0.0125 (1.35 steps/s)
[step 011850] loss=0.0159 flow=0.0028 boot=0.0002 bc=0.0114 rew=0.0126 (1.35 steps/s)
[step 011900] loss=0.0149 flow=0.0028 boot=0.0002 bc=0.0107 rew=0.0118 (1.35 steps/s)
[step 011950] loss=0.0150 flow=0.0027 boot=0.0002 bc=0.0108 rew=0.0115 (1.35 steps/s)
[step 012000] loss=0.0140 flow=0.0025 boot=0.0002 bc=0.0096 rew=0.0126 (1.35 steps/s)
Saved checkpoint to ckpts/calvin/dreamer4/bc_rew_heads_96p at step 12000
[step 012050] loss=0.0179 flow=0.0025 boot=0.0002 bc=0.0112 rew=0.0203 (1.35 steps/s)
[step 012100] loss=0.0147 flow=0.0028 boot=0.0002 bc=0.0105 rew=0.0119 (1.35 steps/s)
[step 012150] loss=0.0156 flow=0.0027 boot=0.0002 bc=0.0114 rew=0.0118 (1.35 steps/s)
[step 012200] loss=0.0137 flow=0.0028 boot=0.0002 bc=0.0088 rew=0.0136 (1.35 steps/s)
[step 012250] loss=0.0133 flow=0.0028 boot=0.0002 bc=0.0089 rew=0.0122 (1.35 steps/s)
[step 012300] loss=0.0132 flow=0.0031 boot=0.0002 bc=0.0090 rew=0.0114 (1.35 steps/s)
[step 012350] loss=0.0165 flow=0.0024 boot=0.0002 bc=0.0124 rew=0.0114 (1.35 steps/s)
[step 012400] loss=0.0130 flow=0.0028 boot=0.0002 bc=0.0089 rew=0.0114 (1.35 steps/s)
[step 012450] loss=0.0140 flow=0.0027 boot=0.0002 bc=0.0096 rew=0.0125 (1.35 steps/s)
[step 012500] loss=0.0125 flow=0.0028 boot=0.0002 bc=0.0080 rew=0.0125 (1.35 steps/s)
[step 012550] loss=0.0134 flow=0.0026 boot=0.0002 bc=0.0093 rew=0.0114 (1.35 steps/s)
[step 012600] loss=0.0132 flow=0.0027 boot=0.0002 bc=0.0084 rew=0.0137 (1.35 steps/s)
[step 012650] loss=0.0131 flow=0.0024 boot=0.0002 bc=0.0087 rew=0.0123 (1.35 steps/s)
[step 012700] loss=0.0137 flow=0.0027 boot=0.0002 bc=0.0094 rew=0.0120 (1.35 steps/s)
[step 012750] loss=0.0137 flow=0.0028 boot=0.0002 bc=0.0091 rew=0.0128 (1.35 steps/s)
[step 012800] loss=0.0122 flow=0.0027 boot=0.0002 bc=0.0081 rew=0.0114 (1.35 steps/s)
[step 012850] loss=0.0132 flow=0.0029 boot=0.0002 bc=0.0087 rew=0.0127 (1.35 steps/s)
[step 012900] loss=0.0139 flow=0.0028 boot=0.0002 bc=0.0099 rew=0.0111 (1.35 steps/s)
[step 012950] loss=0.0148 flow=0.0031 boot=0.0003 bc=0.0103 rew=0.0125 (1.35 steps/s)
[step 013000] loss=0.0118 flow=0.0026 boot=0.0002 bc=0.0075 rew=0.0119 (1.35 steps/s)
Saved checkpoint to ckpts/calvin/dreamer4/bc_rew_heads_96p at step 13000
[step 013050] loss=0.0113 flow=0.0028 boot=0.0002 bc=0.0069 rew=0.0123 (1.35 steps/s)
[step 013100] loss=0.0128 flow=0.0031 boot=0.0002 bc=0.0084 rew=0.0118 (1.35 steps/s)
[step 013150] loss=0.0127 flow=0.0026 boot=0.0002 bc=0.0082 rew=0.0129 (1.35 steps/s)
[step 013200] loss=0.0112 flow=0.0029 boot=0.0002 bc=0.0071 rew=0.0112 (1.35 steps/s)
[step 013250] loss=0.0108 flow=0.0026 boot=0.0002 bc=0.0066 rew=0.0117 (1.35 steps/s)
[step 013300] loss=0.0122 flow=0.0027 boot=0.0002 bc=0.0080 rew=0.0117 (1.35 steps/s)
[step 013350] loss=0.0127 flow=0.0026 boot=0.0002 bc=0.0087 rew=0.0112 (1.35 steps/s)
[step 013400] loss=0.0131 flow=0.0029 boot=0.0002 bc=0.0084 rew=0.0131 (1.35 steps/s)
[step 013450] loss=0.0123 flow=0.0029 boot=0.0002 bc=0.0082 rew=0.0111 (1.35 steps/s)
[step 013500] loss=0.0135 flow=0.0025 boot=0.0002 bc=0.0092 rew=0.0121 (1.35 steps/s)
[step 013550] loss=0.0137 flow=0.0027 boot=0.0002 bc=0.0092 rew=0.0129 (1.35 steps/s)
[step 013600] loss=0.0120 flow=0.0027 boot=0.0002 bc=0.0077 rew=0.0121 (1.35 steps/s)wandb: Encoding video...
wandb: Encoding video...
wandb: Encoding video...
wandb: Encoding video...
wandb: Encoding video...
wandb: Encoding video...
wandb: Encoding video...
wandb: Encoding video...
wandb: Encoding video...
wandb: Encoding video...
wandb: Encoding video...
wandb: Encoding video...

[step 013650] loss=0.0131 flow=0.0025 boot=0.0002 bc=0.0090 rew=0.0115 (1.35 steps/s)
[step 013700] loss=0.0132 flow=0.0025 boot=0.0002 bc=0.0091 rew=0.0112 (1.35 steps/s)
[step 013750] loss=0.0136 flow=0.0030 boot=0.0002 bc=0.0093 rew=0.0116 (1.35 steps/s)
[step 013800] loss=0.0102 flow=0.0025 boot=0.0002 bc=0.0062 rew=0.0111 (1.35 steps/s)
[step 013850] loss=0.0107 flow=0.0027 boot=0.0002 bc=0.0063 rew=0.0121 (1.35 steps/s)
[step 013900] loss=0.0115 flow=0.0029 boot=0.0002 bc=0.0072 rew=0.0118 (1.35 steps/s)
[step 013950] loss=0.0125 flow=0.0028 boot=0.0002 bc=0.0073 rew=0.0151 (1.36 steps/s)
[step 014000] loss=0.0123 flow=0.0028 boot=0.0002 bc=0.0081 rew=0.0115 (1.36 steps/s)
Saved checkpoint to ckpts/calvin/dreamer4/bc_rew_heads_96p at step 14000
[step 014050] loss=0.0111 flow=0.0027 boot=0.0002 bc=0.0066 rew=0.0128 (1.36 steps/s)
[step 014100] loss=0.0135 flow=0.0031 boot=0.0002 bc=0.0092 rew=0.0115 (1.36 steps/s)
[step 014150] loss=0.0124 flow=0.0027 boot=0.0002 bc=0.0078 rew=0.0132 (1.36 steps/s)
[step 014200] loss=0.0138 flow=0.0032 boot=0.0002 bc=0.0091 rew=0.0127 (1.36 steps/s)
[step 014250] loss=0.0127 flow=0.0030 boot=0.0002 bc=0.0081 rew=0.0126 (1.36 steps/s)
[step 014300] loss=0.0112 flow=0.0026 boot=0.0002 bc=0.0065 rew=0.0137 (1.36 steps/s)
[step 014350] loss=0.0113 flow=0.0027 boot=0.0002 bc=0.0070 rew=0.0120 (1.36 steps/s)
[step 014400] loss=0.0123 flow=0.0028 boot=0.0002 bc=0.0078 rew=0.0125 (1.36 steps/s)
[step 014450] loss=0.0114 flow=0.0028 boot=0.0002 bc=0.0071 rew=0.0117 (1.36 steps/s)
[step 014500] loss=0.0133 flow=0.0026 boot=0.0002 bc=0.0089 rew=0.0121 (1.36 steps/s)
[step 014550] loss=0.0117 flow=0.0025 boot=0.0002 bc=0.0077 rew=0.0114 (1.36 steps/s)
[step 014600] loss=0.0124 flow=0.0025 boot=0.0002 bc=0.0083 rew=0.0116 (1.36 steps/s)
[step 014650] loss=0.0120 flow=0.0028 boot=0.0002 bc=0.0078 rew=0.0116 (1.36 steps/s)
[step 014700] loss=0.0133 flow=0.0030 boot=0.0003 bc=0.0082 rew=0.0144 (1.36 steps/s)
[step 014750] loss=0.0115 flow=0.0028 boot=0.0002 bc=0.0071 rew=0.0123 (1.36 steps/s)
[step 014800] loss=0.0158 flow=0.0029 boot=0.0002 bc=0.0067 rew=0.0278 (1.36 steps/s)
[step 014850] loss=0.0130 flow=0.0029 boot=0.0002 bc=0.0087 rew=0.0119 (1.36 steps/s)
[step 014900] loss=0.0122 flow=0.0028 boot=0.0002 bc=0.0079 rew=0.0120 (1.36 steps/s)
[step 014950] loss=0.0104 flow=0.0025 boot=0.0002 bc=0.0064 rew=0.0109 (1.36 steps/s)
[step 015000] loss=0.0112 flow=0.0026 boot=0.0002 bc=0.0067 rew=0.0129 (1.36 steps/s)
Running CALVIN environment validation...
[step 015000] val_success=0.0000 val_steps=120.00
Saved checkpoint to ckpts/calvin/dreamer4/bc_rew_heads_96p at step 15000
[step 015050] loss=0.0149 flow=0.0031 boot=0.0002 bc=0.0103 rew=0.0126 (1.30 steps/s)
[step 015100] loss=0.0151 flow=0.0031 boot=0.0002 bc=0.0110 rew=0.0111 (1.30 steps/s)
[step 015150] loss=0.0125 flow=0.0027 boot=0.0002 bc=0.0079 rew=0.0130 (1.30 steps/s)
[step 015200] loss=0.0113 flow=0.0027 boot=0.0002 bc=0.0072 rew=0.0116 (1.30 steps/s)
[step 015250] loss=0.0102 flow=0.0028 boot=0.0002 bc=0.0059 rew=0.0121 (1.31 steps/s)
[step 015300] loss=0.0121 flow=0.0026 boot=0.0002 bc=0.0078 rew=0.0121 (1.31 steps/s)
[step 015350] loss=0.0119 flow=0.0026 boot=0.0002 bc=0.0078 rew=0.0114 (1.31 steps/s)
[step 015400] loss=0.0108 flow=0.0029 boot=0.0002 bc=0.0066 rew=0.0116 (1.31 steps/s)
[step 015450] loss=0.0108 flow=0.0027 boot=0.0002 bc=0.0065 rew=0.0119 (1.31 steps/s)
[step 015500] loss=0.0095 flow=0.0024 boot=0.0002 bc=0.0052 rew=0.0121 (1.31 steps/s)
[step 015550] loss=0.0122 flow=0.0031 boot=0.0002 bc=0.0081 rew=0.0112 (1.31 steps/s)
[step 015600] loss=0.0134 flow=0.0029 boot=0.0002 bc=0.0076 rew=0.0169 (1.31 steps/s)
[step 015650] loss=0.0102 flow=0.0028 boot=0.0002 bc=0.0059 rew=0.0120 (1.31 steps/s)
[step 015700] loss=0.0110 flow=0.0027 boot=0.0002 bc=0.0067 rew=0.0119 (1.32 steps/s)
[step 015750] loss=0.0112 flow=0.0027 boot=0.0002 bc=0.0069 rew=0.0122 (1.32 steps/s)
[step 015800] loss=0.0116 flow=0.0024 boot=0.0002 bc=0.0072 rew=0.0123 (1.32 steps/s)
[step 015850] loss=0.0096 flow=0.0027 boot=0.0002 bc=0.0053 rew=0.0118 (1.32 steps/s)
[step 015900] loss=0.0116 flow=0.0027 boot=0.0002 bc=0.0066 rew=0.0141 (1.32 steps/s)
[step 015950] loss=0.0117 flow=0.0033 boot=0.0002 bc=0.0075 rew=0.0114 (1.32 steps/s)
[step 016000] loss=0.0124 flow=0.0031 boot=0.0002 bc=0.0082 rew=0.0110 (1.32 steps/s)
Saved checkpoint to ckpts/calvin/dreamer4/bc_rew_heads_96p at step 16000
[step 016050] loss=0.0126 flow=0.0032 boot=0.0002 bc=0.0081 rew=0.0122 (1.32 steps/s)
[step 016100] loss=0.0108 flow=0.0027 boot=0.0002 bc=0.0066 rew=0.0117 (1.32 steps/s)
[step 016150] loss=0.0115 flow=0.0027 boot=0.0002 bc=0.0074 rew=0.0113 (1.32 steps/s)
[step 016200] loss=0.0115 flow=0.0027 boot=0.0002 bc=0.0074 rew=0.0114 (1.33 steps/s)
[step 016250] loss=0.0139 flow=0.0027 boot=0.0002 bc=0.0094 rew=0.0124 (1.33 steps/s)
[step 016300] loss=0.0101 flow=0.0026 boot=0.0002 bc=0.0059 rew=0.0119 (1.33 steps/s)
[step 016350] loss=0.0116 flow=0.0026 boot=0.0002 bc=0.0073 rew=0.0121 (1.33 steps/s)
[step 016400] loss=0.0110 flow=0.0027 boot=0.0002 bc=0.0068 rew=0.0115 (1.33 steps/s)
[step 016450] loss=0.0121 flow=0.0028 boot=0.0002 bc=0.0072 rew=0.0142 (1.33 steps/s)
[step 016500] loss=0.0112 flow=0.0027 boot=0.0002 bc=0.0070 rew=0.0118 (1.33 steps/s)
[step 016550] loss=0.0101 flow=0.0029 boot=0.0002 bc=0.0058 rew=0.0121 (1.33 steps/s)
[step 016600] loss=0.0108 flow=0.0025 boot=0.0002 bc=0.0066 rew=0.0119 (1.33 steps/s)
[step 016650] loss=0.0102 flow=0.0028 boot=0.0002 bc=0.0061 rew=0.0112 (1.33 steps/s)
[step 016700] loss=0.0112 flow=0.0025 boot=0.0002 bc=0.0071 rew=0.0113 (1.34 steps/s)
[step 016750] loss=0.0103 flow=0.0026 boot=0.0002 bc=0.0062 rew=0.0114 (1.34 steps/s)
[step 016800] loss=0.0108 flow=0.0029 boot=0.0002 bc=0.0064 rew=0.0123 (1.34 steps/s)
[step 016850] loss=0.0114 flow=0.0023 boot=0.0002 bc=0.0072 rew=0.0120 (1.34 steps/s)
[step 016900] loss=0.0113 flow=0.0028 boot=0.0002 bc=0.0072 rew=0.0114 (1.34 steps/s)
[step 016950] loss=0.0116 flow=0.0031 boot=0.0002 bc=0.0073 rew=0.0118 (1.34 steps/s)
[step 017000] loss=0.0107 flow=0.0030 boot=0.0002 bc=0.0063 rew=0.0122 (1.34 steps/s)
Saved checkpoint to ckpts/calvin/dreamer4/bc_rew_heads_96p at step 17000
[step 017050] loss=0.0114 flow=0.0027 boot=0.0002 bc=0.0071 rew=0.0120 (1.34 steps/s)
[step 017100] loss=0.0135 flow=0.0026 boot=0.0003 bc=0.0092 rew=0.0119 (1.34 steps/s)
[step 017150] loss=0.0109 flow=0.0026 boot=0.0002 bc=0.0067 rew=0.0121 (1.34 steps/s)
[step 017200] loss=0.0119 flow=0.0026 boot=0.0002 bc=0.0078 rew=0.0112 (1.34 steps/s)
[step 017250] loss=0.0108 flow=0.0026 boot=0.0002 bc=0.0063 rew=0.0126 (1.34 steps/s)
[step 017300] loss=0.0103 flow=0.0023 boot=0.0002 bc=0.0063 rew=0.0114 (1.34 steps/s)
[step 017350] loss=0.0111 flow=0.0025 boot=0.0002 bc=0.0068 rew=0.0120 (1.34 steps/s)
[step 017400] loss=0.0101 flow=0.0026 boot=0.0002 bc=0.0062 rew=0.0110 (1.34 steps/s)
[step 017450] loss=0.0117 flow=0.0029 boot=0.0002 bc=0.0074 rew=0.0120 (1.34 steps/s)
[step 017500] loss=0.0114 flow=0.0030 boot=0.0002 bc=0.0070 rew=0.0125 (1.34 steps/s)
[step 017550] loss=0.0103 flow=0.0025 boot=0.0002 bc=0.0059 rew=0.0125 (1.34 steps/s)
[step 017600] loss=0.0102 flow=0.0029 boot=0.0002 bc=0.0058 rew=0.0123 (1.34 steps/s)
[step 017650] loss=0.0113 flow=0.0027 boot=0.0002 bc=0.0070 rew=0.0122 (1.34 steps/s)
[step 017700] loss=0.0111 flow=0.0027 boot=0.0002 bc=0.0062 rew=0.0138 (1.34 steps/s)
[step 017750] loss=0.0113 flow=0.0025 boot=0.0002 bc=0.0073 rew=0.0113 (1.34 steps/s)
[step 017800] loss=0.0112 flow=0.0027 boot=0.0002 bc=0.0070 rew=0.0116 (1.34 steps/s)
[step 017850] loss=0.0123 flow=0.0026 boot=0.0002 bc=0.0078 rew=0.0127 (1.34 steps/s)
[step 017900] loss=0.0104 flow=0.0029 boot=0.0002 bc=0.0060 rew=0.0124 (1.34 steps/s)
[step 017950] loss=0.0106 flow=0.0026 boot=0.0002 bc=0.0062 rew=0.0125 (1.34 steps/s)
[step 018000] loss=0.0108 flow=0.0025 boot=0.0002 bc=0.0065 rew=0.0119 (1.34 steps/s)
Saved checkpoint to ckpts/calvin/dreamer4/bc_rew_heads_96p at step 18000
[step 018050] loss=0.0104 flow=0.0027 boot=0.0002 bc=0.0064 rew=0.0114 (1.34 steps/s)
[step 018100] loss=0.0103 flow=0.0027 boot=0.0002 bc=0.0061 rew=0.0116 (1.34 steps/s)
[step 018150] loss=0.0107 flow=0.0024 boot=0.0002 bc=0.0066 rew=0.0117 (1.34 steps/s)
[step 018200] loss=0.0100 flow=0.0025 boot=0.0002 bc=0.0058 rew=0.0118 (1.34 steps/s)
[step 018250] loss=0.0133 flow=0.0028 boot=0.0002 bc=0.0087 rew=0.0127 (1.34 steps/s)
[step 018300] loss=0.0111 flow=0.0027 boot=0.0002 bc=0.0069 rew=0.0119 (1.34 steps/s)
[step 018350] loss=0.0106 flow=0.0026 boot=0.0002 bc=0.0062 rew=0.0124 (1.34 steps/s)
[step 018400] loss=0.0101 flow=0.0024 boot=0.0002 bc=0.0060 rew=0.0116 (1.34 steps/s)
[step 018450] loss=0.0115 flow=0.0026 boot=0.0001 bc=0.0073 rew=0.0118 (1.34 steps/s)
[step 018500] loss=0.0103 flow=0.0027 boot=0.0002 bc=0.0061 rew=0.0116 (1.34 steps/s)
[step 018550] loss=0.0097 flow=0.0027 boot=0.0002 bc=0.0055 rew=0.0117 (1.34 steps/s)
[step 018600] loss=0.0112 flow=0.0027 boot=0.0002 bc=0.0068 rew=0.0126 (1.34 steps/s)
[step 018650] loss=0.0118 flow=0.0029 boot=0.0002 bc=0.0077 rew=0.0113 (1.34 steps/s)
[step 018700] loss=0.0098 flow=0.0028 boot=0.0002 bc=0.0056 rew=0.0116 (1.34 steps/s)
[step 018750] loss=0.0091 flow=0.0025 boot=0.0002 bc=0.0051 rew=0.0114 (1.34 steps/s)
[step 018800] loss=0.0094 flow=0.0023 boot=0.0001 bc=0.0053 rew=0.0114 (1.34 steps/s)
[step 018850] loss=0.0094 flow=0.0027 boot=0.0002 bc=0.0050 rew=0.0121 (1.34 steps/s)
[step 018900] loss=0.0116 flow=0.0027 boot=0.0002 bc=0.0066 rew=0.0145 (1.34 steps/s)
[step 018950] loss=0.0113 flow=0.0032 boot=0.0002 bc=0.0068 rew=0.0121 (1.34 steps/s)
[step 019000] loss=0.0097 flow=0.0025 boot=0.0002 bc=0.0055 rew=0.0119 (1.34 steps/s)
Saved checkpoint to ckpts/calvin/dreamer4/bc_rew_heads_96p at step 19000
[step 019050] loss=0.0095 flow=0.0025 boot=0.0002 bc=0.0055 rew=0.0111 (1.34 steps/s)
[step 019100] loss=0.0115 flow=0.0026 boot=0.0002 bc=0.0073 rew=0.0119 (1.34 steps/s)
[step 019150] loss=0.0112 flow=0.0026 boot=0.0002 bc=0.0072 rew=0.0112 (1.34 steps/s)
[step 019200] loss=0.0124 flow=0.0025 boot=0.0002 bc=0.0076 rew=0.0139 (1.34 steps/s)
[step 019250] loss=0.0109 flow=0.0027 boot=0.0002 bc=0.0067 rew=0.0117 (1.34 steps/s)
[step 019300] loss=0.0102 flow=0.0028 boot=0.0002 bc=0.0060 rew=0.0118 (1.34 steps/s)
[step 019350] loss=0.0113 flow=0.0031 boot=0.0002 bc=0.0070 rew=0.0118 (1.34 steps/s)
[step 019400] loss=0.0082 flow=0.0024 boot=0.0002 bc=0.0043 rew=0.0111 (1.34 steps/s)
[step 019450] loss=0.0108 flow=0.0028 boot=0.0002 bc=0.0065 rew=0.0119 (1.34 steps/s)
[step 019500] loss=0.0112 flow=0.0030 boot=0.0002 bc=0.0067 rew=0.0124 (1.33 steps/s)
[step 019550] loss=0.0099 flow=0.0025 boot=0.0002 bc=0.0059 rew=0.0112 (1.33 steps/s)
[step 019600] loss=0.0111 flow=0.0028 boot=0.0002 bc=0.0069 rew=0.0117 (1.33 steps/s)
[step 019650] loss=0.0090 flow=0.0026 boot=0.0002 bc=0.0046 rew=0.0122 (1.33 steps/s)
[step 019700] loss=0.0099 flow=0.0024 boot=0.0002 bc=0.0058 rew=0.0115 (1.33 steps/s)
[step 019750] loss=0.0109 flow=0.0030 boot=0.0002 bc=0.0068 rew=0.0113 (1.33 steps/s)
[step 019800] loss=0.0092 flow=0.0023 boot=0.0002 bc=0.0051 rew=0.0117 (1.33 steps/s)
[step 019850] loss=0.0106 flow=0.0023 boot=0.0002 bc=0.0062 rew=0.0126 (1.33 steps/s)
[step 019900] loss=0.0102 flow=0.0027 boot=0.0002 bc=0.0056 rew=0.0128 (1.33 steps/s)
[step 019950] loss=0.0114 flow=0.0026 boot=0.0002 bc=0.0072 rew=0.0117 (1.33 steps/s)
[step 020000] loss=0.0103 flow=0.0030 boot=0.0001 bc=0.0061 rew=0.0116 (1.33 steps/s)
Running CALVIN environment validation...
[step 020000] val_success=0.0000 val_steps=120.00
Saved checkpoint to ckpts/calvin/dreamer4/bc_rew_heads_96p at step 20000
[step 020050] loss=0.0102 flow=0.0025 boot=0.0002 bc=0.0061 rew=0.0117 (1.29 steps/s)
[step 020100] loss=0.0092 flow=0.0026 boot=0.0002 bc=0.0051 rew=0.0114 (1.29 steps/s)
[step 020150] loss=0.0097 flow=0.0026 boot=0.0002 bc=0.0056 rew=0.0116 (1.30 steps/s)
[step 020200] loss=0.0102 flow=0.0024 boot=0.0002 bc=0.0061 rew=0.0116 (1.30 steps/s)
[step 020250] loss=0.0109 flow=0.0027 boot=0.0002 bc=0.0067 rew=0.0117 (1.30 steps/s)
[step 020300] loss=0.0108 flow=0.0028 boot=0.0002 bc=0.0066 rew=0.0114 (1.30 steps/s)
[step 020350] loss=0.0106 flow=0.0029 boot=0.0002 bc=0.0062 rew=0.0122 (1.30 steps/s)
[step 020400] loss=0.0090 flow=0.0026 boot=0.0002 bc=0.0047 rew=0.0121 (1.30 steps/s)
[step 020450] loss=0.0099 flow=0.0025 boot=0.0002 bc=0.0055 rew=0.0127 (1.30 steps/s)
[step 020500] loss=0.0104 flow=0.0028 boot=0.0002 bc=0.0062 rew=0.0116 (1.30 steps/s)
[step 020550] loss=0.0110 flow=0.0028 boot=0.0002 bc=0.0068 rew=0.0116 (1.30 steps/s)
[step 020600] loss=0.0108 flow=0.0026 boot=0.0002 bc=0.0064 rew=0.0124 (1.30 steps/s)
[step 020650] loss=0.0094 flow=0.0027 boot=0.0002 bc=0.0051 rew=0.0119 (1.30 steps/s)
[step 020700] loss=0.0107 flow=0.0023 boot=0.0002 bc=0.0066 rew=0.0117 (1.30 steps/s)
[step 020750] loss=0.0107 flow=0.0025 boot=0.0002 bc=0.0064 rew=0.0121 (1.31 steps/s)
[step 020800] loss=0.0094 flow=0.0025 boot=0.0002 bc=0.0051 rew=0.0125 (1.31 steps/s)
[step 020850] loss=0.0078 flow=0.0021 boot=0.0002 bc=0.0037 rew=0.0118 (1.31 steps/s)
[step 020900] loss=0.0102 flow=0.0025 boot=0.0001 bc=0.0061 rew=0.0114 (1.31 steps/s)
[step 020950] loss=0.0096 flow=0.0030 boot=0.0002 bc=0.0054 rew=0.0114 (1.31 steps/s)
[step 021000] loss=0.0090 flow=0.0029 boot=0.0002 bc=0.0050 rew=0.0110 (1.31 steps/s)
Saved checkpoint to ckpts/calvin/dreamer4/bc_rew_heads_96p at step 21000
[step 021050] loss=0.0093 flow=0.0027 boot=0.0002 bc=0.0051 rew=0.0115 (1.31 steps/s)
[step 021100] loss=0.0095 flow=0.0025 boot=0.0002 bc=0.0055 rew=0.0112 (1.31 steps/s)
[step 021150] loss=0.0131 flow=0.0031 boot=0.0002 bc=0.0089 rew=0.0115 (1.31 steps/s)
[step 021200] loss=0.0104 flow=0.0024 boot=0.0002 bc=0.0058 rew=0.0132 (1.31 steps/s)
[step 021250] loss=0.0152 flow=0.0026 boot=0.0002 bc=0.0067 rew=0.0258 (1.31 steps/s)
[step 021300] loss=0.0104 flow=0.0025 boot=0.0002 bc=0.0062 rew=0.0120 (1.31 steps/s)
[step 021350] loss=0.0101 flow=0.0024 boot=0.0002 bc=0.0059 rew=0.0120 (1.31 steps/s)
[step 021400] loss=0.0096 flow=0.0024 boot=0.0002 bc=0.0053 rew=0.0121 (1.32 steps/s)
[step 021450] loss=0.0097 flow=0.0027 boot=0.0002 bc=0.0050 rew=0.0136 (1.32 steps/s)
[step 021500] loss=0.0095 flow=0.0026 boot=0.0002 bc=0.0054 rew=0.0115 (1.32 steps/s)
[step 021550] loss=0.0105 flow=0.0026 boot=0.0002 bc=0.0063 rew=0.0116 (1.32 steps/s)
[step 021600] loss=0.0108 flow=0.0025 boot=0.0002 bc=0.0067 rew=0.0112 (1.32 steps/s)
[step 021650] loss=0.0110 flow=0.0027 boot=0.0002 bc=0.0063 rew=0.0134 (1.32 steps/s)
[step 021700] loss=0.0097 flow=0.0026 boot=0.0002 bc=0.0055 rew=0.0117 (1.32 steps/s)
[step 021750] loss=0.0105 flow=0.0022 boot=0.0002 bc=0.0064 rew=0.0114 (1.32 steps/s)
[step 021800] loss=0.0092 flow=0.0026 boot=0.0002 bc=0.0051 rew=0.0114 (1.32 steps/s)
[step 021850] loss=0.0102 flow=0.0024 boot=0.0002 bc=0.0061 rew=0.0119 (1.32 steps/s)
[step 021900] loss=0.0099 flow=0.0024 boot=0.0002 bc=0.0059 rew=0.0112 (1.32 steps/s)
[step 021950] loss=0.0094 flow=0.0025 boot=0.0002 bc=0.0053 rew=0.0113 (1.32 steps/s)
[step 022000] loss=0.0096 flow=0.0025 boot=0.0002 bc=0.0055 rew=0.0115 (1.32 steps/s)
Saved checkpoint to ckpts/calvin/dreamer4/bc_rew_heads_96p at step 22000
[step 022050] loss=0.0108 flow=0.0025 boot=0.0002 bc=0.0068 rew=0.0112 (1.32 steps/s)
[step 022100] loss=0.0104 flow=0.0025 boot=0.0002 bc=0.0062 rew=0.0118 (1.32 steps/s)
[step 022150] loss=0.0096 flow=0.0027 boot=0.0002 bc=0.0053 rew=0.0119 (1.32 steps/s)
[step 022200] loss=0.0095 flow=0.0026 boot=0.0002 bc=0.0054 rew=0.0114 (1.32 steps/s)
[step 022250] loss=0.0088 flow=0.0026 boot=0.0002 bc=0.0047 rew=0.0114 (1.32 steps/s)
[step 022300] loss=0.0094 flow=0.0027 boot=0.0002 bc=0.0052 rew=0.0116 (1.32 steps/s)
[step 022350] loss=0.0097 flow=0.0024 boot=0.0002 bc=0.0056 rew=0.0115 (1.32 steps/s)
[step 022400] loss=0.0094 flow=0.0024 boot=0.0002 bc=0.0052 rew=0.0119 (1.32 steps/s)
[step 022450] loss=0.0095 flow=0.0029 boot=0.0002 bc=0.0051 rew=0.0122 (1.32 steps/s)
[step 022500] loss=0.0086 flow=0.0025 boot=0.0002 bc=0.0045 rew=0.0115 (1.32 steps/s)
[step 022550] loss=0.0095 flow=0.0025 boot=0.0002 bc=0.0056 rew=0.0111 (1.32 steps/s)
[step 022600] loss=0.0105 flow=0.0025 boot=0.0002 bc=0.0065 rew=0.0111 (1.32 steps/s)
[step 022650] loss=0.0108 flow=0.0027 boot=0.0002 bc=0.0067 rew=0.0117 (1.32 steps/s)
[step 022700] loss=0.0105 flow=0.0026 boot=0.0002 bc=0.0064 rew=0.0114 (1.32 steps/s)
[step 022750] loss=0.0094 flow=0.0027 boot=0.0002 bc=0.0050 rew=0.0123 (1.32 steps/s)
[step 022800] loss=0.0087 flow=0.0025 boot=0.0002 bc=0.0045 rew=0.0119 (1.32 steps/s)
[step 022850] loss=0.0114 flow=0.0031 boot=0.0002 bc=0.0071 rew=0.0119 (1.31 steps/s)
[step 022900] loss=0.0106 flow=0.0026 boot=0.0002 bc=0.0065 rew=0.0114 (1.31 steps/s)
[step 022950] loss=0.0083 flow=0.0024 boot=0.0002 bc=0.0042 rew=0.0115 (1.31 steps/s)
[step 023000] loss=0.0102 flow=0.0029 boot=0.0002 bc=0.0060 rew=0.0117 (1.31 steps/s)
Saved checkpoint to ckpts/calvin/dreamer4/bc_rew_heads_96p at step 23000
[step 023050] loss=0.0093 flow=0.0023 boot=0.0002 bc=0.0053 rew=0.0113 (1.31 steps/s)
[step 023100] loss=0.0088 flow=0.0022 boot=0.0002 bc=0.0049 rew=0.0110 (1.30 steps/s)
[step 023150] loss=0.0089 flow=0.0025 boot=0.0002 bc=0.0048 rew=0.0116 (1.30 steps/s)
[step 023200] loss=0.0094 flow=0.0025 boot=0.0002 bc=0.0051 rew=0.0122 (1.30 steps/s)
[step 023250] loss=0.0083 flow=0.0023 boot=0.0002 bc=0.0043 rew=0.0115 (1.30 steps/s)
[step 023300] loss=0.0108 flow=0.0023 boot=0.0002 bc=0.0066 rew=0.0116 (1.30 steps/s)
[step 023350] loss=0.0088 flow=0.0026 boot=0.0002 bc=0.0047 rew=0.0115 (1.30 steps/s)
[step 023400] loss=0.0087 flow=0.0023 boot=0.0002 bc=0.0048 rew=0.0112 (1.30 steps/s)
[step 023450] loss=0.0088 flow=0.0022 boot=0.0002 bc=0.0049 rew=0.0111 (1.30 steps/s)
[step 023500] loss=0.0088 flow=0.0024 boot=0.0002 bc=0.0047 rew=0.0117 (1.30 steps/s)
[step 023550] loss=0.0117 flow=0.0031 boot=0.0002 bc=0.0076 rew=0.0111 (1.30 steps/s)
[step 023600] loss=0.0099 flow=0.0023 boot=0.0002 bc=0.0059 rew=0.0114 (1.30 steps/s)
[step 023650] loss=0.0100 flow=0.0023 boot=0.0002 bc=0.0050 rew=0.0148 (1.30 steps/s)
[step 023700] loss=0.0095 flow=0.0026 boot=0.0002 bc=0.0055 rew=0.0112 (1.30 steps/s)
[step 023750] loss=0.0085 flow=0.0026 boot=0.0002 bc=0.0041 rew=0.0123 (1.30 steps/s)
[step 023800] loss=0.0088 flow=0.0024 boot=0.0002 bc=0.0046 rew=0.0116 (1.29 steps/s)
[step 023850] loss=0.0097 flow=0.0030 boot=0.0002 bc=0.0054 rew=0.0116 (1.29 steps/s)
[step 023900] loss=0.0097 flow=0.0026 boot=0.0002 bc=0.0057 rew=0.0114 (1.29 steps/s)
[step 023950] loss=0.0086 flow=0.0026 boot=0.0001 bc=0.0043 rew=0.0120 (1.29 steps/s)
[step 024000] loss=0.0105 flow=0.0027 boot=0.0002 bc=0.0064 rew=0.0115 (1.29 steps/s)
Saved checkpoint to ckpts/calvin/dreamer4/bc_rew_heads_96p at step 24000
[step 024050] loss=0.0086 flow=0.0022 boot=0.0002 bc=0.0046 rew=0.0113 (1.29 steps/s)
[step 024100] loss=0.0095 flow=0.0024 boot=0.0002 bc=0.0055 rew=0.0114 (1.29 steps/s)
[step 024150] loss=0.0093 flow=0.0027 boot=0.0002 bc=0.0052 rew=0.0111 (1.29 steps/s)
[step 024200] loss=0.0092 flow=0.0026 boot=0.0002 bc=0.0049 rew=0.0120 (1.29 steps/s)
[step 024250] loss=0.0088 flow=0.0025 boot=0.0002 bc=0.0046 rew=0.0117 (1.29 steps/s)
[step 024300] loss=0.0098 flow=0.0029 boot=0.0002 bc=0.0055 rew=0.0117 (1.29 steps/s)
[step 024350] loss=0.0108 flow=0.0026 boot=0.0002 bc=0.0068 rew=0.0111 (1.29 steps/s)
[step 024400] loss=0.0080 flow=0.0025 boot=0.0002 bc=0.0039 rew=0.0116 (1.29 steps/s)
[step 024450] loss=0.0081 flow=0.0026 boot=0.0002 bc=0.0041 rew=0.0112 (1.29 steps/s)
[step 024500] loss=0.0094 flow=0.0028 boot=0.0002 bc=0.0051 rew=0.0118 (1.29 steps/s)
[step 024550] loss=0.0103 flow=0.0027 boot=0.0002 bc=0.0054 rew=0.0140 (1.29 steps/s)
[step 024600] loss=0.0104 flow=0.0025 boot=0.0002 bc=0.0063 rew=0.0116 (1.29 steps/s)
[step 024650] loss=0.0090 flow=0.0024 boot=0.0002 bc=0.0051 rew=0.0109 (1.29 steps/s)
[step 024700] loss=0.0107 flow=0.0026 boot=0.0002 bc=0.0066 rew=0.0113 (1.29 steps/s)
[step 024750] loss=0.0092 flow=0.0027 boot=0.0002 bc=0.0049 rew=0.0121 (1.29 steps/s)
[step 024800] loss=0.0091 flow=0.0027 boot=0.0002 bc=0.0049 rew=0.0115 (1.29 steps/s)
[step 024850] loss=0.0095 flow=0.0027 boot=0.0002 bc=0.0055 rew=0.0111 (1.29 steps/s)
[step 024900] loss=0.0083 flow=0.0024 boot=0.0002 bc=0.0044 rew=0.0112 (1.28 steps/s)
[step 024950] loss=0.0088 flow=0.0025 boot=0.0002 bc=0.0048 rew=0.0112 (1.28 steps/s)
[step 025000] loss=0.0102 flow=0.0022 boot=0.0002 bc=0.0061 rew=0.0115 (1.28 steps/s)
Running CALVIN environment validation...
[step 025000] val_success=0.0000 val_steps=120.00
Saved checkpoint to ckpts/calvin/dreamer4/bc_rew_heads_96p at step 25000
[step 025050] loss=0.0099 flow=0.0025 boot=0.0002 bc=0.0058 rew=0.0115 (1.25 steps/s)
[step 025100] loss=0.0090 flow=0.0028 boot=0.0002 bc=0.0048 rew=0.0116 (1.25 steps/s)
[step 025150] loss=0.0090 flow=0.0027 boot=0.0002 bc=0.0047 rew=0.0120 (1.25 steps/s)
[step 025200] loss=0.0091 flow=0.0024 boot=0.0002 bc=0.0050 rew=0.0116 (1.26 steps/s)
[step 025250] loss=0.0096 flow=0.0026 boot=0.0002 bc=0.0055 rew=0.0115 (1.26 steps/s)
[step 025300] loss=0.0095 flow=0.0029 boot=0.0002 bc=0.0053 rew=0.0116 (1.26 steps/s)
[step 025350] loss=0.0095 flow=0.0025 boot=0.0002 bc=0.0054 rew=0.0116 (1.26 steps/s)
[step 025400] loss=0.0099 flow=0.0026 boot=0.0002 bc=0.0058 rew=0.0113 (1.26 steps/s)
[step 025450] loss=0.0090 flow=0.0028 boot=0.0002 bc=0.0048 rew=0.0116 (1.26 steps/s)
[step 025500] loss=0.0108 flow=0.0028 boot=0.0002 bc=0.0066 rew=0.0115 (1.26 steps/s)
[step 025550] loss=0.0088 flow=0.0025 boot=0.0002 bc=0.0046 rew=0.0117 (1.26 steps/s)
[step 025600] loss=0.0093 flow=0.0026 boot=0.0002 bc=0.0051 rew=0.0118 (1.26 steps/s)
[step 025650] loss=0.0091 flow=0.0025 boot=0.0002 bc=0.0049 rew=0.0118 (1.26 steps/s)
[step 025700] loss=0.0089 flow=0.0027 boot=0.0002 bc=0.0048 rew=0.0114 (1.26 steps/s)
[step 025750] loss=0.0097 flow=0.0025 boot=0.0002 bc=0.0055 rew=0.0119 (1.26 steps/s)
[step 025800] loss=0.0097 flow=0.0022 boot=0.0002 bc=0.0057 rew=0.0113 (1.26 steps/s)
[step 025850] loss=0.0107 flow=0.0031 boot=0.0002 bc=0.0065 rew=0.0116 (1.26 steps/s)
[step 025900] loss=0.0093 flow=0.0026 boot=0.0002 bc=0.0051 rew=0.0116 (1.27 steps/s)
[step 025950] loss=0.0088 flow=0.0023 boot=0.0002 bc=0.0047 rew=0.0114 (1.27 steps/s)
[step 026000] loss=0.0093 flow=0.0025 boot=0.0002 bc=0.0051 rew=0.0118 (1.27 steps/s)
Saved checkpoint to ckpts/calvin/dreamer4/bc_rew_heads_96p at step 26000
[step 026050] loss=0.0093 flow=0.0023 boot=0.0002 bc=0.0052 rew=0.0116 (1.27 steps/s)
[step 026100] loss=0.0096 flow=0.0027 boot=0.0002 bc=0.0054 rew=0.0117 (1.27 steps/s)
[step 026150] loss=0.0087 flow=0.0025 boot=0.0002 bc=0.0047 rew=0.0111 (1.27 steps/s)
[step 026200] loss=0.0109 flow=0.0032 boot=0.0002 bc=0.0067 rew=0.0112 (1.27 steps/s)
[step 026250] loss=0.0133 flow=0.0034 boot=0.0002 bc=0.0090 rew=0.0116 (1.27 steps/s)
[step 026300] loss=0.0090 flow=0.0025 boot=0.0002 bc=0.0049 rew=0.0115 (1.27 steps/s)
[step 026350] loss=0.0080 flow=0.0024 boot=0.0002 bc=0.0037 rew=0.0123 (1.27 steps/s)
[step 026400] loss=0.0089 flow=0.0025 boot=0.0002 bc=0.0047 rew=0.0119 (1.27 steps/s)
[step 026450] loss=0.0101 flow=0.0026 boot=0.0002 bc=0.0057 rew=0.0122 (1.27 steps/s)
[step 026500] loss=0.0088 flow=0.0021 boot=0.0002 bc=0.0048 rew=0.0114 (1.27 steps/s)
[step 026550] loss=0.0091 flow=0.0024 boot=0.0002 bc=0.0051 rew=0.0111 (1.27 steps/s)
[step 026600] loss=0.0092 flow=0.0023 boot=0.0002 bc=0.0051 rew=0.0117 (1.27 steps/s)
[step 026650] loss=0.0088 flow=0.0026 boot=0.0002 bc=0.0045 rew=0.0119 (1.27 steps/s)
[step 026700] loss=0.0095 flow=0.0026 boot=0.0002 bc=0.0053 rew=0.0115 (1.27 steps/s)
[step 026750] loss=0.0106 flow=0.0028 boot=0.0002 bc=0.0064 rew=0.0118 (1.27 steps/s)
[step 026800] loss=0.0104 flow=0.0028 boot=0.0002 bc=0.0063 rew=0.0112 (1.27 steps/s)
[step 026850] loss=0.0080 flow=0.0028 boot=0.0002 bc=0.0040 rew=0.0110 (1.27 steps/s)
[step 026900] loss=0.0088 flow=0.0025 boot=0.0002 bc=0.0048 rew=0.0113 (1.27 steps/s)
[step 026950] loss=0.0097 flow=0.0028 boot=0.0002 bc=0.0056 rew=0.0116 (1.27 steps/s)
[step 027000] loss=0.0087 flow=0.0025 boot=0.0002 bc=0.0046 rew=0.0116 (1.27 steps/s)
Saved checkpoint to ckpts/calvin/dreamer4/bc_rew_heads_96p at step 27000
[step 027050] loss=0.0090 flow=0.0030 boot=0.0002 bc=0.0047 rew=0.0119 (1.27 steps/s)
[step 027100] loss=0.0099 flow=0.0026 boot=0.0002 bc=0.0057 rew=0.0118 (1.27 steps/s)
[step 027150] loss=0.0090 flow=0.0024 boot=0.0002 bc=0.0050 rew=0.0112 (1.27 steps/s)wandb: Encoding video...
wandb: Encoding video...
wandb: Encoding video...
wandb: Encoding video...
wandb: Encoding video...
wandb: Encoding video...
wandb: Encoding video...
wandb: Encoding video...
wandb: Encoding video...
wandb: Encoding video...
wandb: Encoding video...
wandb: Encoding video...

[step 027200] loss=0.0090 flow=0.0024 boot=0.0002 bc=0.0049 rew=0.0115 (1.27 steps/s)
[step 027250] loss=0.0090 flow=0.0025 boot=0.0002 bc=0.0049 rew=0.0114 (1.27 steps/s)
[step 027300] loss=0.0087 flow=0.0024 boot=0.0001 bc=0.0047 rew=0.0112 (1.27 steps/s)
[step 027350] loss=0.0103 flow=0.0028 boot=0.0001 bc=0.0060 rew=0.0118 (1.27 steps/s)
[step 027400] loss=0.0082 flow=0.0027 boot=0.0002 bc=0.0039 rew=0.0121 (1.27 steps/s)
[step 027450] loss=0.0093 flow=0.0024 boot=0.0002 bc=0.0051 rew=0.0119 (1.27 steps/s)
[step 027500] loss=0.0091 flow=0.0027 boot=0.0002 bc=0.0050 rew=0.0113 (1.27 steps/s)
[step 027550] loss=0.0084 flow=0.0028 boot=0.0002 bc=0.0043 rew=0.0116 (1.27 steps/s)
[step 027600] loss=0.0084 flow=0.0024 boot=0.0002 bc=0.0043 rew=0.0116 (1.27 steps/s)
[step 027650] loss=0.0093 flow=0.0025 boot=0.0001 bc=0.0053 rew=0.0112 (1.27 steps/s)
[step 027700] loss=0.0108 flow=0.0023 boot=0.0002 bc=0.0068 rew=0.0113 (1.27 steps/s)
[step 027750] loss=0.0083 flow=0.0022 boot=0.0002 bc=0.0044 rew=0.0112 (1.27 steps/s)
[step 027800] loss=0.0092 flow=0.0025 boot=0.0002 bc=0.0051 rew=0.0115 (1.27 steps/s)
[step 027850] loss=0.0091 flow=0.0021 boot=0.0002 bc=0.0052 rew=0.0112 (1.27 steps/s)
[step 027900] loss=0.0096 flow=0.0024 boot=0.0002 bc=0.0054 rew=0.0118 (1.27 steps/s)
[step 027950] loss=0.0090 flow=0.0026 boot=0.0002 bc=0.0048 rew=0.0118 (1.27 steps/s)
[step 028000] loss=0.0096 flow=0.0027 boot=0.0002 bc=0.0053 rew=0.0121 (1.27 steps/s)
Saved checkpoint to ckpts/calvin/dreamer4/bc_rew_heads_96p at step 28000
[step 028050] loss=0.0093 flow=0.0025 boot=0.0002 bc=0.0051 rew=0.0119 (1.27 steps/s)
[step 028100] loss=0.0096 flow=0.0023 boot=0.0002 bc=0.0056 rew=0.0113 (1.27 steps/s)
[step 028150] loss=0.0083 flow=0.0025 boot=0.0002 bc=0.0041 rew=0.0118 (1.27 steps/s)
[step 028200] loss=0.0090 flow=0.0027 boot=0.0002 bc=0.0049 rew=0.0113 (1.27 steps/s)
[step 028250] loss=0.0093 flow=0.0024 boot=0.0002 bc=0.0052 rew=0.0115 (1.27 steps/s)
[step 028300] loss=0.0092 flow=0.0023 boot=0.0002 bc=0.0052 rew=0.0114 (1.27 steps/s)
[step 028350] loss=0.0086 flow=0.0027 boot=0.0002 bc=0.0047 rew=0.0109 (1.27 steps/s)
[step 028400] loss=0.0088 flow=0.0024 boot=0.0002 bc=0.0049 rew=0.0111 (1.27 steps/s)
[step 028450] loss=0.0101 flow=0.0023 boot=0.0001 bc=0.0059 rew=0.0121 (1.27 steps/s)
[step 028500] loss=0.0083 flow=0.0024 boot=0.0002 bc=0.0041 rew=0.0118 (1.27 steps/s)
[step 028550] loss=0.0092 flow=0.0026 boot=0.0002 bc=0.0052 rew=0.0113 (1.27 steps/s)
[step 028600] loss=0.0094 flow=0.0023 boot=0.0002 bc=0.0053 rew=0.0119 (1.27 steps/s)
[step 028650] loss=0.0089 flow=0.0023 boot=0.0002 bc=0.0049 rew=0.0113 (1.27 steps/s)
[step 028700] loss=0.0102 flow=0.0028 boot=0.0002 bc=0.0059 rew=0.0120 (1.27 steps/s)
[step 028750] loss=0.0090 flow=0.0025 boot=0.0002 bc=0.0048 rew=0.0119 (1.27 steps/s)
[step 028800] loss=0.0101 flow=0.0027 boot=0.0002 bc=0.0058 rew=0.0119 (1.27 steps/s)
[step 028850] loss=0.0097 flow=0.0027 boot=0.0002 bc=0.0055 rew=0.0118 (1.27 steps/s)
[step 028900] loss=0.0098 flow=0.0029 boot=0.0001 bc=0.0054 rew=0.0122 (1.27 steps/s)
[step 028950] loss=0.0089 flow=0.0025 boot=0.0002 bc=0.0048 rew=0.0114 (1.27 steps/s)
[step 029000] loss=0.0092 flow=0.0024 boot=0.0002 bc=0.0051 rew=0.0114 (1.27 steps/s)
Saved checkpoint to ckpts/calvin/dreamer4/bc_rew_heads_96p at step 29000
[step 029050] loss=0.0097 flow=0.0024 boot=0.0002 bc=0.0055 rew=0.0120 (1.27 steps/s)
[step 029100] loss=0.0085 flow=0.0024 boot=0.0002 bc=0.0045 rew=0.0114 (1.27 steps/s)
[step 029150] loss=0.0087 flow=0.0025 boot=0.0001 bc=0.0047 rew=0.0114 (1.27 steps/s)
[step 029200] loss=0.0087 flow=0.0025 boot=0.0002 bc=0.0046 rew=0.0115 (1.27 steps/s)
[step 029250] loss=0.0084 flow=0.0025 boot=0.0002 bc=0.0043 rew=0.0114 (1.27 steps/s)
[step 029300] loss=0.0090 flow=0.0024 boot=0.0002 bc=0.0050 rew=0.0112 (1.27 steps/s)
[step 029350] loss=0.0087 flow=0.0025 boot=0.0002 bc=0.0046 rew=0.0115 (1.27 steps/s)
[step 029400] loss=0.0083 flow=0.0023 boot=0.0002 bc=0.0041 rew=0.0120 (1.27 steps/s)
[step 029450] loss=0.0078 flow=0.0021 boot=0.0002 bc=0.0039 rew=0.0111 (1.27 steps/s)
[step 029500] loss=0.0087 flow=0.0023 boot=0.0002 bc=0.0047 rew=0.0113 (1.27 steps/s)
[step 029550] loss=0.0072 flow=0.0023 boot=0.0001 bc=0.0032 rew=0.0115 (1.27 steps/s)
[step 029600] loss=0.0099 flow=0.0027 boot=0.0002 bc=0.0058 rew=0.0117 (1.27 steps/s)
[step 029650] loss=0.0082 flow=0.0028 boot=0.0002 bc=0.0040 rew=0.0116 (1.27 steps/s)
[step 029700] loss=0.0085 flow=0.0024 boot=0.0002 bc=0.0042 rew=0.0123 (1.27 steps/s)
[step 029750] loss=0.0092 flow=0.0022 boot=0.0002 bc=0.0050 rew=0.0119 (1.27 steps/s)
[step 029800] loss=0.0089 flow=0.0024 boot=0.0002 bc=0.0049 rew=0.0115 (1.27 steps/s)
[step 029850] loss=0.0075 flow=0.0023 boot=0.0002 bc=0.0035 rew=0.0113 (1.27 steps/s)
[step 029900] loss=0.0090 flow=0.0025 boot=0.0002 bc=0.0050 rew=0.0113 (1.27 steps/s)
[step 029950] loss=0.0084 flow=0.0022 boot=0.0002 bc=0.0042 rew=0.0122 (1.27 steps/s)
[step 030000] loss=0.0089 flow=0.0023 boot=0.0002 bc=0.0047 rew=0.0119 (1.27 steps/s)
Running CALVIN environment validation...
[step 030000] val_success=0.5000 val_steps=94.50
Saved checkpoint to ckpts/calvin/dreamer4/bc_rew_heads_96p at step 30000
[step 030050] loss=0.0090 flow=0.0024 boot=0.0002 bc=0.0050 rew=0.0115 (1.25 steps/s)
[step 030100] loss=0.0080 flow=0.0022 boot=0.0002 bc=0.0039 rew=0.0118 (1.25 steps/s)
[step 030150] loss=0.0085 flow=0.0024 boot=0.0002 bc=0.0044 rew=0.0115 (1.25 steps/s)
[step 030200] loss=0.0082 flow=0.0023 boot=0.0001 bc=0.0044 rew=0.0109 (1.25 steps/s)
[step 030250] loss=0.0093 flow=0.0027 boot=0.0002 bc=0.0051 rew=0.0116 (1.25 steps/s)
[step 030300] loss=0.0084 flow=0.0027 boot=0.0002 bc=0.0043 rew=0.0115 (1.25 steps/s)
[step 030350] loss=0.0087 flow=0.0023 boot=0.0002 bc=0.0048 rew=0.0112 (1.25 steps/s)
[step 030400] loss=0.0079 flow=0.0023 boot=0.0002 bc=0.0041 rew=0.0109 (1.25 steps/s)
[step 030450] loss=0.0088 flow=0.0023 boot=0.0002 bc=0.0047 rew=0.0116 (1.25 steps/s)
[step 030500] loss=0.0110 flow=0.0024 boot=0.0001 bc=0.0066 rew=0.0124 (1.25 steps/s)
[step 030550] loss=0.0085 flow=0.0021 boot=0.0001 bc=0.0045 rew=0.0115 (1.25 steps/s)
[step 030600] loss=0.0084 flow=0.0024 boot=0.0002 bc=0.0044 rew=0.0113 (1.26 steps/s)
[step 030650] loss=0.0087 flow=0.0027 boot=0.0002 bc=0.0046 rew=0.0114 (1.26 steps/s)
[step 030700] loss=0.0088 flow=0.0022 boot=0.0002 bc=0.0046 rew=0.0120 (1.26 steps/s)
[step 030750] loss=0.0088 flow=0.0023 boot=0.0002 bc=0.0048 rew=0.0115 (1.26 steps/s)
[step 030800] loss=0.0085 flow=0.0023 boot=0.0002 bc=0.0045 rew=0.0113 (1.26 steps/s)
[step 030850] loss=0.0087 flow=0.0027 boot=0.0001 bc=0.0047 rew=0.0113 (1.26 steps/s)
[step 030900] loss=0.0090 flow=0.0024 boot=0.0002 bc=0.0051 rew=0.0112 (1.26 steps/s)
[step 030950] loss=0.0081 flow=0.0025 boot=0.0002 bc=0.0040 rew=0.0115 (1.26 steps/s)
[step 031000] loss=0.0088 flow=0.0022 boot=0.0002 bc=0.0047 rew=0.0117 (1.26 steps/s)
Saved checkpoint to ckpts/calvin/dreamer4/bc_rew_heads_96p at step 31000
[step 031050] loss=0.0082 flow=0.0027 boot=0.0001 bc=0.0041 rew=0.0114 (1.26 steps/s)
[step 031100] loss=0.0089 flow=0.0026 boot=0.0002 bc=0.0046 rew=0.0120 (1.26 steps/s)
[step 031150] loss=0.0101 flow=0.0029 boot=0.0002 bc=0.0058 rew=0.0118 (1.26 steps/s)
[step 031200] loss=0.0095 flow=0.0026 boot=0.0002 bc=0.0054 rew=0.0115 (1.26 steps/s)
[step 031250] loss=0.0094 flow=0.0029 boot=0.0002 bc=0.0052 rew=0.0113 (1.26 steps/s)
[step 031300] loss=0.0128 flow=0.0028 boot=0.0002 bc=0.0087 rew=0.0113 (1.26 steps/s)
[step 031350] loss=0.0099 flow=0.0024 boot=0.0002 bc=0.0057 rew=0.0119 (1.26 steps/s)
[step 031400] loss=0.0094 flow=0.0025 boot=0.0002 bc=0.0051 rew=0.0123 (1.26 steps/s)
[step 031450] loss=0.0090 flow=0.0030 boot=0.0002 bc=0.0047 rew=0.0115 (1.26 steps/s)
[step 031500] loss=0.0085 flow=0.0027 boot=0.0001 bc=0.0043 rew=0.0118 (1.26 steps/s)
[step 031550] loss=0.0092 flow=0.0025 boot=0.0002 bc=0.0052 rew=0.0112 (1.26 steps/s)
[step 031600] loss=0.0092 flow=0.0024 boot=0.0002 bc=0.0052 rew=0.0113 (1.26 steps/s)
[step 031650] loss=0.0094 flow=0.0029 boot=0.0002 bc=0.0052 rew=0.0117 (1.26 steps/s)
[step 031700] loss=0.0101 flow=0.0026 boot=0.0002 bc=0.0059 rew=0.0119 (1.27 steps/s)
[step 031750] loss=0.0088 flow=0.0024 boot=0.0002 bc=0.0045 rew=0.0121 (1.27 steps/s)
[step 031800] loss=0.0079 flow=0.0025 boot=0.0002 bc=0.0039 rew=0.0114 (1.27 steps/s)
[step 031850] loss=0.0080 flow=0.0027 boot=0.0001 bc=0.0038 rew=0.0116 (1.27 steps/s)
[step 031900] loss=0.0078 flow=0.0022 boot=0.0002 bc=0.0039 rew=0.0110 (1.27 steps/s)
[step 031950] loss=0.0087 flow=0.0022 boot=0.0002 bc=0.0046 rew=0.0118 (1.27 steps/s)
[step 032000] loss=0.0097 flow=0.0024 boot=0.0002 bc=0.0052 rew=0.0129 (1.27 steps/s)
Saved checkpoint to ckpts/calvin/dreamer4/bc_rew_heads_96p at step 32000
[step 032050] loss=0.0094 flow=0.0026 boot=0.0002 bc=0.0053 rew=0.0116 (1.27 steps/s)
[step 032100] loss=0.0084 flow=0.0025 boot=0.0002 bc=0.0044 rew=0.0110 (1.27 steps/s)
[step 032150] loss=0.0078 flow=0.0023 boot=0.0002 bc=0.0038 rew=0.0114 (1.27 steps/s)
[step 032200] loss=0.0077 flow=0.0021 boot=0.0002 bc=0.0036 rew=0.0121 (1.27 steps/s)
[step 032250] loss=0.0077 flow=0.0020 boot=0.0001 bc=0.0038 rew=0.0111 (1.27 steps/s)
[step 032300] loss=0.0085 flow=0.0027 boot=0.0001 bc=0.0042 rew=0.0119 (1.27 steps/s)
[step 032350] loss=0.0093 flow=0.0024 boot=0.0002 bc=0.0051 rew=0.0118 (1.27 steps/s)
[step 032400] loss=0.0106 flow=0.0026 boot=0.0002 bc=0.0064 rew=0.0119 (1.27 steps/s)
[step 032450] loss=0.0095 flow=0.0027 boot=0.0002 bc=0.0054 rew=0.0113 (1.27 steps/s)
[step 032500] loss=0.0090 flow=0.0026 boot=0.0002 bc=0.0049 rew=0.0114 (1.27 steps/s)
[step 032550] loss=0.0075 flow=0.0024 boot=0.0001 bc=0.0034 rew=0.0115 (1.27 steps/s)
[step 032600] loss=0.0077 flow=0.0023 boot=0.0001 bc=0.0038 rew=0.0111 (1.27 steps/s)
[step 032650] loss=0.0091 flow=0.0026 boot=0.0002 bc=0.0050 rew=0.0113 (1.27 steps/s)
[step 032700] loss=0.0094 flow=0.0026 boot=0.0002 bc=0.0051 rew=0.0119 (1.27 steps/s)
[step 032750] loss=0.0082 flow=0.0022 boot=0.0002 bc=0.0040 rew=0.0120 (1.27 steps/s)
[step 032800] loss=0.0093 flow=0.0023 boot=0.0002 bc=0.0052 rew=0.0116 (1.27 steps/s)
[step 032850] loss=0.0084 flow=0.0027 boot=0.0002 bc=0.0043 rew=0.0113 (1.27 steps/s)
[step 032900] loss=0.0088 flow=0.0026 boot=0.0002 bc=0.0048 rew=0.0111 (1.27 steps/s)
[step 032950] loss=0.0100 flow=0.0028 boot=0.0002 bc=0.0059 rew=0.0112 (1.27 steps/s)
[step 033000] loss=0.0092 flow=0.0022 boot=0.0002 bc=0.0051 rew=0.0120 (1.27 steps/s)
Saved checkpoint to ckpts/calvin/dreamer4/bc_rew_heads_96p at step 33000
[step 033050] loss=0.0086 flow=0.0021 boot=0.0001 bc=0.0046 rew=0.0117 (1.27 steps/s)
[step 033100] loss=0.0088 flow=0.0023 boot=0.0002 bc=0.0046 rew=0.0120 (1.27 steps/s)
[step 033150] loss=0.0082 flow=0.0024 boot=0.0001 bc=0.0042 rew=0.0113 (1.27 steps/s)
[step 033200] loss=0.0091 flow=0.0024 boot=0.0002 bc=0.0049 rew=0.0118 (1.27 steps/s)
[step 033250] loss=0.0081 flow=0.0025 boot=0.0001 bc=0.0040 rew=0.0115 (1.27 steps/s)
[step 033300] loss=0.0081 flow=0.0021 boot=0.0001 bc=0.0039 rew=0.0121 (1.27 steps/s)
[step 033350] loss=0.0090 flow=0.0023 boot=0.0002 bc=0.0049 rew=0.0115 (1.27 steps/s)
[step 033400] loss=0.0084 flow=0.0025 boot=0.0001 bc=0.0042 rew=0.0120 (1.27 steps/s)
[step 033450] loss=0.0097 flow=0.0024 boot=0.0002 bc=0.0056 rew=0.0114 (1.27 steps/s)
[step 033500] loss=0.0118 flow=0.0024 boot=0.0002 bc=0.0052 rew=0.0199 (1.27 steps/s)
[step 033550] loss=0.0089 flow=0.0028 boot=0.0002 bc=0.0049 rew=0.0113 (1.27 steps/s)
[step 033600] loss=0.0076 flow=0.0021 boot=0.0001 bc=0.0036 rew=0.0116 (1.27 steps/s)
[step 033650] loss=0.0081 flow=0.0025 boot=0.0002 bc=0.0041 rew=0.0110 (1.27 steps/s)
[step 033700] loss=0.0082 flow=0.0022 boot=0.0002 bc=0.0044 rew=0.0109 (1.27 steps/s)
[step 033750] loss=0.0083 flow=0.0023 boot=0.0002 bc=0.0043 rew=0.0112 (1.27 steps/s)
[step 033800] loss=0.0075 flow=0.0022 boot=0.0001 bc=0.0036 rew=0.0112 (1.27 steps/s)
[step 033850] loss=0.0084 flow=0.0023 boot=0.0001 bc=0.0043 rew=0.0117 (1.27 steps/s)
[step 033900] loss=0.0081 flow=0.0025 boot=0.0002 bc=0.0042 rew=0.0110 (1.27 steps/s)
[step 033950] loss=0.0092 flow=0.0027 boot=0.0002 bc=0.0051 rew=0.0115 (1.27 steps/s)
[step 034000] loss=0.0108 flow=0.0028 boot=0.0002 bc=0.0066 rew=0.0117 (1.27 steps/s)
Saved checkpoint to ckpts/calvin/dreamer4/bc_rew_heads_96p at step 34000
[step 034050] loss=0.0083 flow=0.0025 boot=0.0002 bc=0.0041 rew=0.0118 (1.27 steps/s)
[step 034100] loss=0.0079 flow=0.0025 boot=0.0002 bc=0.0039 rew=0.0112 (1.27 steps/s)
[step 034150] loss=0.0090 flow=0.0024 boot=0.0002 bc=0.0049 rew=0.0114 (1.27 steps/s)
[step 034200] loss=0.0075 flow=0.0024 boot=0.0002 bc=0.0035 rew=0.0114 (1.27 steps/s)
[step 034250] loss=0.0077 flow=0.0020 boot=0.0002 bc=0.0038 rew=0.0112 (1.27 steps/s)
[step 034300] loss=0.0081 flow=0.0022 boot=0.0001 bc=0.0039 rew=0.0119 (1.27 steps/s)
[step 034350] loss=0.0089 flow=0.0024 boot=0.0002 bc=0.0047 rew=0.0119 (1.27 steps/s)
[step 034400] loss=0.0112 flow=0.0031 boot=0.0002 bc=0.0068 rew=0.0122 (1.27 steps/s)
[step 034450] loss=0.0087 flow=0.0021 boot=0.0002 bc=0.0046 rew=0.0118 (1.27 steps/s)
[step 034500] loss=0.0085 flow=0.0024 boot=0.0002 bc=0.0044 rew=0.0116 (1.27 steps/s)
[step 034550] loss=0.0089 flow=0.0024 boot=0.0002 bc=0.0047 rew=0.0120 (1.27 steps/s)
[step 034600] loss=0.0080 flow=0.0023 boot=0.0002 bc=0.0041 rew=0.0111 (1.27 steps/s)
[step 034650] loss=0.0083 flow=0.0023 boot=0.0002 bc=0.0044 rew=0.0112 (1.27 steps/s)
[step 034700] loss=0.0092 flow=0.0027 boot=0.0002 bc=0.0046 rew=0.0132 (1.27 steps/s)
[step 034750] loss=0.0084 flow=0.0024 boot=0.0002 bc=0.0045 rew=0.0109 (1.27 steps/s)
[step 034800] loss=0.0073 flow=0.0021 boot=0.0002 bc=0.0034 rew=0.0110 (1.27 steps/s)
[step 034850] loss=0.0093 flow=0.0023 boot=0.0002 bc=0.0051 rew=0.0118 (1.27 steps/s)
[step 034900] loss=0.0093 flow=0.0023 boot=0.0001 bc=0.0051 rew=0.0118 (1.27 steps/s)
[step 034950] loss=0.0078 flow=0.0023 boot=0.0002 bc=0.0038 rew=0.0112 (1.27 steps/s)
[step 035000] loss=0.0083 flow=0.0019 boot=0.0002 bc=0.0041 rew=0.0122 (1.27 steps/s)
Running CALVIN environment validation...
[step 035000] val_success=0.0000 val_steps=120.00
Saved checkpoint to ckpts/calvin/dreamer4/bc_rew_heads_96p at step 35000
[step 035050] loss=0.0088 flow=0.0022 boot=0.0002 bc=0.0048 rew=0.0114 (1.25 steps/s)
[step 035100] loss=0.0082 flow=0.0022 boot=0.0001 bc=0.0043 rew=0.0110 (1.25 steps/s)
[step 035150] loss=0.0080 flow=0.0022 boot=0.0002 bc=0.0039 rew=0.0116 (1.25 steps/s)
[step 035200] loss=0.0084 flow=0.0024 boot=0.0001 bc=0.0043 rew=0.0118 (1.25 steps/s)
[step 035250] loss=0.0079 flow=0.0023 boot=0.0002 bc=0.0038 rew=0.0119 (1.25 steps/s)
[step 035300] loss=0.0089 flow=0.0024 boot=0.0001 bc=0.0049 rew=0.0114 (1.25 steps/s)
[step 035350] loss=0.0095 flow=0.0027 boot=0.0002 bc=0.0053 rew=0.0119 (1.25 steps/s)
[step 035400] loss=0.0091 flow=0.0025 boot=0.0002 bc=0.0051 rew=0.0111 (1.25 steps/s)
[step 035450] loss=0.0081 flow=0.0021 boot=0.0002 bc=0.0041 rew=0.0115 (1.25 steps/s)
[step 035500] loss=0.0081 flow=0.0023 boot=0.0002 bc=0.0041 rew=0.0113 (1.25 steps/s)
[step 035550] loss=0.0071 flow=0.0021 boot=0.0002 bc=0.0032 rew=0.0111 (1.25 steps/s)
[step 035600] loss=0.0086 flow=0.0023 boot=0.0002 bc=0.0046 rew=0.0114 (1.25 steps/s)
[step 035650] loss=0.0079 flow=0.0023 boot=0.0001 bc=0.0039 rew=0.0114 (1.25 steps/s)
[step 035700] loss=0.0082 flow=0.0025 boot=0.0002 bc=0.0042 rew=0.0114 (1.25 steps/s)
[step 035750] loss=0.0077 flow=0.0021 boot=0.0001 bc=0.0036 rew=0.0118 (1.26 steps/s)
[step 035800] loss=0.0083 flow=0.0022 boot=0.0002 bc=0.0042 rew=0.0115 (1.26 steps/s)
[step 035850] loss=0.0079 flow=0.0024 boot=0.0002 bc=0.0037 rew=0.0119 (1.26 steps/s)
[step 035900] loss=0.0081 flow=0.0025 boot=0.0002 bc=0.0035 rew=0.0130 (1.26 steps/s)
[step 035950] loss=0.0083 flow=0.0026 boot=0.0002 bc=0.0043 rew=0.0113 (1.26 steps/s)
[step 036000] loss=0.0085 flow=0.0023 boot=0.0002 bc=0.0046 rew=0.0112 (1.26 steps/s)
Saved checkpoint to ckpts/calvin/dreamer4/bc_rew_heads_96p at step 36000
[step 036050] loss=0.0081 flow=0.0022 boot=0.0001 bc=0.0042 rew=0.0113 (1.26 steps/s)
[step 036100] loss=0.0085 flow=0.0024 boot=0.0002 bc=0.0042 rew=0.0124 (1.26 steps/s)
[step 036150] loss=0.0081 flow=0.0026 boot=0.0002 bc=0.0040 rew=0.0115 (1.26 steps/s)
[step 036200] loss=0.0086 flow=0.0025 boot=0.0002 bc=0.0045 rew=0.0115 (1.26 steps/s)
[step 036250] loss=0.0090 flow=0.0027 boot=0.0002 bc=0.0047 rew=0.0120 (1.26 steps/s)
[step 036300] loss=0.0082 flow=0.0019 boot=0.0001 bc=0.0043 rew=0.0114 (1.26 steps/s)
[step 036350] loss=0.0095 flow=0.0020 boot=0.0002 bc=0.0055 rew=0.0116 (1.26 steps/s)
[step 036400] loss=0.0079 flow=0.0022 boot=0.0002 bc=0.0039 rew=0.0115 (1.26 steps/s)
[step 036450] loss=0.0085 flow=0.0021 boot=0.0001 bc=0.0044 rew=0.0119 (1.26 steps/s)
[step 036500] loss=0.0084 flow=0.0025 boot=0.0001 bc=0.0043 rew=0.0115 (1.26 steps/s)
[step 036550] loss=0.0090 flow=0.0023 boot=0.0002 bc=0.0050 rew=0.0115 (1.26 steps/s)
[step 036600] loss=0.0075 flow=0.0020 boot=0.0001 bc=0.0036 rew=0.0112 (1.26 steps/s)
[step 036650] loss=0.0080 flow=0.0020 boot=0.0001 bc=0.0041 rew=0.0113 (1.26 steps/s)
[step 036700] loss=0.0081 flow=0.0024 boot=0.0002 bc=0.0041 rew=0.0112 (1.26 steps/s)
[step 036750] loss=0.0078 flow=0.0022 boot=0.0002 bc=0.0037 rew=0.0118 (1.27 steps/s)
[step 036800] loss=0.0087 flow=0.0024 boot=0.0001 bc=0.0046 rew=0.0115 (1.27 steps/s)
[step 036850] loss=0.0084 flow=0.0026 boot=0.0002 bc=0.0043 rew=0.0115 (1.27 steps/s)
[step 036900] loss=0.0077 flow=0.0023 boot=0.0001 bc=0.0038 rew=0.0109 (1.27 steps/s)
[step 036950] loss=0.0083 flow=0.0026 boot=0.0001 bc=0.0041 rew=0.0119 (1.27 steps/s)
[step 037000] loss=0.0080 flow=0.0023 boot=0.0002 bc=0.0039 rew=0.0118 (1.27 steps/s)
Saved checkpoint to ckpts/calvin/dreamer4/bc_rew_heads_96p at step 37000
[step 037050] loss=0.0080 flow=0.0020 boot=0.0001 bc=0.0038 rew=0.0121 (1.27 steps/s)
[step 037100] loss=0.0073 flow=0.0021 boot=0.0001 bc=0.0034 rew=0.0111 (1.27 steps/s)
[step 037150] loss=0.0080 flow=0.0022 boot=0.0002 bc=0.0039 rew=0.0120 (1.27 steps/s)
[step 037200] loss=0.0077 flow=0.0021 boot=0.0001 bc=0.0038 rew=0.0112 (1.27 steps/s)
[step 037250] loss=0.0090 flow=0.0023 boot=0.0002 bc=0.0048 rew=0.0120 (1.27 steps/s)
[step 037300] loss=0.0085 flow=0.0020 boot=0.0002 bc=0.0043 rew=0.0122 (1.27 steps/s)
[step 037350] loss=0.0082 flow=0.0027 boot=0.0001 bc=0.0041 rew=0.0115 (1.27 steps/s)
[step 037400] loss=0.0080 flow=0.0021 boot=0.0002 bc=0.0040 rew=0.0113 (1.27 steps/s)
[step 037450] loss=0.0081 flow=0.0022 boot=0.0002 bc=0.0041 rew=0.0114 (1.27 steps/s)
[step 037500] loss=0.0097 flow=0.0023 boot=0.0002 bc=0.0057 rew=0.0114 (1.27 steps/s)
[step 037550] loss=0.0081 flow=0.0021 boot=0.0002 bc=0.0041 rew=0.0112 (1.27 steps/s)
[step 037600] loss=0.0076 flow=0.0024 boot=0.0001 bc=0.0037 rew=0.0112 (1.27 steps/s)
[step 037650] loss=0.0072 flow=0.0020 boot=0.0001 bc=0.0032 rew=0.0115 (1.27 steps/s)
[step 037700] loss=0.0080 flow=0.0023 boot=0.0002 bc=0.0040 rew=0.0114 (1.27 steps/s)
[step 037750] loss=0.0086 flow=0.0021 boot=0.0001 bc=0.0045 rew=0.0118 (1.27 steps/s)
[step 037800] loss=0.0084 flow=0.0022 boot=0.0002 bc=0.0045 rew=0.0113 (1.27 steps/s)
[step 037850] loss=0.0084 flow=0.0020 boot=0.0002 bc=0.0042 rew=0.0121 (1.27 steps/s)
[step 037900] loss=0.0081 flow=0.0023 boot=0.0001 bc=0.0041 rew=0.0112 (1.27 steps/s)
[step 037950] loss=0.0081 flow=0.0022 boot=0.0001 bc=0.0040 rew=0.0119 (1.27 steps/s)
[step 038000] loss=0.0085 flow=0.0024 boot=0.0002 bc=0.0044 rew=0.0115 (1.27 steps/s)
Saved checkpoint to ckpts/calvin/dreamer4/bc_rew_heads_96p at step 38000
[step 038050] loss=0.0076 flow=0.0021 boot=0.0001 bc=0.0037 rew=0.0115 (1.27 steps/s)
[step 038100] loss=0.0082 flow=0.0024 boot=0.0002 bc=0.0042 rew=0.0111 (1.27 steps/s)
[step 038150] loss=0.0080 flow=0.0022 boot=0.0002 bc=0.0038 rew=0.0121 (1.27 steps/s)
[step 038200] loss=0.0081 flow=0.0023 boot=0.0002 bc=0.0040 rew=0.0117 (1.27 steps/s)
[step 038250] loss=0.0080 flow=0.0023 boot=0.0002 bc=0.0039 rew=0.0117 (1.27 steps/s)
[step 038300] loss=0.0073 flow=0.0021 boot=0.0002 bc=0.0035 rew=0.0111 (1.27 steps/s)
[step 038350] loss=0.0086 flow=0.0019 boot=0.0002 bc=0.0045 rew=0.0121 (1.27 steps/s)
[step 038400] loss=0.0085 flow=0.0022 boot=0.0002 bc=0.0045 rew=0.0114 (1.27 steps/s)
[step 038450] loss=0.0081 flow=0.0023 boot=0.0002 bc=0.0040 rew=0.0115 (1.27 steps/s)
[step 038500] loss=0.0090 flow=0.0022 boot=0.0001 bc=0.0049 rew=0.0119 (1.27 steps/s)
[step 038550] loss=0.0075 flow=0.0023 boot=0.0002 bc=0.0034 rew=0.0118 (1.27 steps/s)
[step 038600] loss=0.0084 flow=0.0025 boot=0.0002 bc=0.0043 rew=0.0117 (1.27 steps/s)
[step 038650] loss=0.0075 flow=0.0022 boot=0.0001 bc=0.0035 rew=0.0115 (1.27 steps/s)
[step 038700] loss=0.0086 flow=0.0023 boot=0.0002 bc=0.0043 rew=0.0123 (1.27 steps/s)
[step 038750] loss=0.0088 flow=0.0023 boot=0.0002 bc=0.0047 rew=0.0117 (1.27 steps/s)
[step 038800] loss=0.0080 flow=0.0019 boot=0.0002 bc=0.0041 rew=0.0112 (1.27 steps/s)
[step 038850] loss=0.0081 flow=0.0021 boot=0.0001 bc=0.0041 rew=0.0114 (1.27 steps/s)
[step 038900] loss=0.0091 flow=0.0030 boot=0.0002 bc=0.0049 rew=0.0115 (1.27 steps/s)
[step 038950] loss=0.0083 flow=0.0024 boot=0.0001 bc=0.0042 rew=0.0116 (1.27 steps/s)
[step 039000] loss=0.0080 flow=0.0022 boot=0.0002 bc=0.0040 rew=0.0115 (1.27 steps/s)
Saved checkpoint to ckpts/calvin/dreamer4/bc_rew_heads_96p at step 39000
[step 039050] loss=0.0079 flow=0.0022 boot=0.0001 bc=0.0039 rew=0.0113 (1.27 steps/s)
[step 039100] loss=0.0078 flow=0.0022 boot=0.0001 bc=0.0038 rew=0.0114 (1.27 steps/s)
[step 039150] loss=0.0080 flow=0.0020 boot=0.0001 bc=0.0040 rew=0.0115 (1.27 steps/s)
[step 039200] loss=0.0088 flow=0.0024 boot=0.0002 bc=0.0048 rew=0.0114 (1.27 steps/s)
[step 039250] loss=0.0100 flow=0.0023 boot=0.0001 bc=0.0061 rew=0.0110 (1.27 steps/s)
[step 039300] loss=0.0076 flow=0.0022 boot=0.0001 bc=0.0035 rew=0.0117 (1.27 steps/s)
[step 039350] loss=0.0072 flow=0.0021 boot=0.0001 bc=0.0033 rew=0.0112 (1.27 steps/s)
[step 039400] loss=0.0080 flow=0.0022 boot=0.0001 bc=0.0038 rew=0.0120 (1.27 steps/s)
[step 039450] loss=0.0069 flow=0.0019 boot=0.0002 bc=0.0031 rew=0.0111 (1.27 steps/s)
[step 039500] loss=0.0079 flow=0.0020 boot=0.0001 bc=0.0040 rew=0.0116 (1.27 steps/s)
[step 039550] loss=0.0075 flow=0.0020 boot=0.0001 bc=0.0035 rew=0.0115 (1.27 steps/s)
[step 039600] loss=0.0072 flow=0.0019 boot=0.0002 bc=0.0033 rew=0.0114 (1.27 steps/s)
[step 039650] loss=0.0087 flow=0.0021 boot=0.0001 bc=0.0049 rew=0.0110 (1.27 steps/s)
[step 039700] loss=0.0073 flow=0.0024 boot=0.0001 bc=0.0031 rew=0.0119 (1.27 steps/s)
[step 039750] loss=0.0074 flow=0.0020 boot=0.0001 bc=0.0034 rew=0.0115 (1.27 steps/s)
[step 039800] loss=0.0076 flow=0.0025 boot=0.0001 bc=0.0035 rew=0.0118 (1.27 steps/s)
[step 039850] loss=0.0078 flow=0.0022 boot=0.0001 bc=0.0038 rew=0.0115 (1.27 steps/s)
[step 039900] loss=0.0081 flow=0.0024 boot=0.0002 bc=0.0041 rew=0.0112 (1.27 steps/s)
[step 039950] loss=0.0087 flow=0.0025 boot=0.0001 bc=0.0045 rew=0.0116 (1.27 steps/s)
[step 040000] loss=0.0083 flow=0.0022 boot=0.0001 bc=0.0043 rew=0.0115 (1.27 steps/s)
Running CALVIN environment validation...
[step 040000] val_success=0.0000 val_steps=120.00
Saved checkpoint to ckpts/calvin/dreamer4/bc_rew_heads_96p at step 40000
[step 040050] loss=0.0092 flow=0.0022 boot=0.0002 bc=0.0050 rew=0.0121 (1.25 steps/s)
[step 040100] loss=0.0084 flow=0.0023 boot=0.0001 bc=0.0043 rew=0.0118 (1.25 steps/s)
[step 040150] loss=0.0076 flow=0.0022 boot=0.0001 bc=0.0035 rew=0.0119 (1.25 steps/s)
[step 040200] loss=0.0076 flow=0.0022 boot=0.0001 bc=0.0037 rew=0.0113 (1.25 steps/s)
[step 040250] loss=0.0083 flow=0.0020 boot=0.0001 bc=0.0042 rew=0.0118 (1.25 steps/s)
[step 040300] loss=0.0077 flow=0.0019 boot=0.0001 bc=0.0036 rew=0.0119 (1.25 steps/s)
[step 040350] loss=0.0079 flow=0.0023 boot=0.0001 bc=0.0040 rew=0.0112 (1.25 steps/s)
[step 040400] loss=0.0072 flow=0.0021 boot=0.0002 bc=0.0031 rew=0.0120 (1.25 steps/s)
[step 040450] loss=0.0094 flow=0.0026 boot=0.0001 bc=0.0052 rew=0.0118 (1.25 steps/s)
[step 040500] loss=0.0077 flow=0.0023 boot=0.0001 bc=0.0036 rew=0.0119 (1.25 steps/s)
[step 040550] loss=0.0083 flow=0.0022 boot=0.0002 bc=0.0041 rew=0.0122 (1.25 steps/s)
[step 040600] loss=0.0084 flow=0.0022 boot=0.0002 bc=0.0044 rew=0.0113 (1.25 steps/s)
[step 040650] loss=0.0080 flow=0.0021 boot=0.0002 bc=0.0037 rew=0.0122 (1.26 steps/s)
[step 040700] loss=0.0074 flow=0.0022 boot=0.0001 bc=0.0034 rew=0.0114 (1.26 steps/s)
[step 040750] loss=0.0073 flow=0.0021 boot=0.0001 bc=0.0033 rew=0.0117 (1.26 steps/s)wandb: Encoding video...
wandb: Encoding video...
wandb: Encoding video...
wandb: Encoding video...
wandb: uploading output.log; uploading wandb-summary.json
wandb: uploading history steps 1000-1000, summary
wandb: 
wandb: Run history:
wandb:          train/bc_mse █▂▂▂▂▂▂▂▂▁▁▁▁▁▁▁▁▁▁▁▁▁▁▁▁▁▁▁▁▁▁▁▁▁▁▁▁▁▁▁
wandb:   train/bootstrap_mse ▁▁▁▁▄▅▆▇▆▇█▆▆▆▅▇▆▆▆▅▅▆▅▅▆▆▅▅▅▅▄▅▇▄▄▅▆▅▆▃
wandb:        train/flow_mse ▁▂▅▄▄▅▄▆▆▆▇▆█▆▆▆▆█▆▆▆▅▇▅▆▆▅▅▃▇▃▅▅▅▄▅▄▅▃▂
wandb:            train/loss █▇▅▅▄▄▄▃▃▃▂▂▂▂▂▂▃▂▂▂▂▂▂▂▂▂▂▂▁▁▁▁▁▁▁▁▁▁▁▁
wandb: train/reward_pos_rate ▁▁▁▁▁▁▁▁▁▁▁▁▁▁▁▁▁▁▁▁▁▁▁▁▁▁▁▁▁▁▁▁▁▁▁▁▁▁▁▁
wandb:           train/rw_ce █▃▄▂▂▁▁▂▂▂▁▁▁▂▁▂▁▂▁▁▁▁▁▁▁▁▁▁▁▁▁▁▁▁▁▁▁▁▁▂
wandb:   train/shortcut_loss ▁▂▄▃▆▆▇▇▇▇▆▆▆▅▆▆▇▆▆▆▆▇▆▆▇▅█▆▆▅▅▅▅▅▄▅▄▄▃▃
wandb:            train/step ▁▂▂▂▂▃▃▃▃▃▄▄▄▄▄▄▄▄▄▄▅▅▅▅▆▆▆▆▆▆▇▇▇▇▇▇▇▇██
wandb:    val/env_mean_steps ▄████▁████
wandb:  val/env_num_rollouts ▁▁▁▁▁▁▁▁▁▁
wandb:                    +1 ...
wandb: 
wandb: Run summary:
wandb:          train/bc_mse 0.0017
wandb:   train/bootstrap_mse 0.00019
wandb:        train/flow_mse 0.0015
wandb:            train/loss 0.00567
wandb: train/reward_pos_rate 0.01042
wandb:           train/rw_ce 0.01193
wandb:   train/shortcut_loss 0.00039
wandb:            train/step 50000
wandb:    val/env_mean_steps 120
wandb:  val/env_num_rollouts 4
wandb:                    +1 ...
wandb: 
wandb: 🚀 View run bc_rew_heads_dreamer4_calvin_mpnet at: https://wandb.ai/4bkang/jasmine/runs/qxa1kue3
wandb: ⭐️ View project at: https://wandb.ai/4bkang/jasmine
wandb: Synced 5 W&B file(s), 40 media file(s), 0 artifact file(s) and 0 other file(s)
wandb: Find logs at: ./wandb/run-20260321_195001-qxa1kue3/logs

[step 040800] loss=0.0081 flow=0.0023 boot=0.0001 bc=0.0040 rew=0.0117 (1.26 steps/s)
[step 040850] loss=0.0076 flow=0.0023 boot=0.0001 bc=0.0037 rew=0.0111 (1.26 steps/s)
[step 040900] loss=0.0080 flow=0.0023 boot=0.0001 bc=0.0041 rew=0.0112 (1.26 steps/s)
[step 040950] loss=0.0073 flow=0.0021 boot=0.0001 bc=0.0032 rew=0.0121 (1.26 steps/s)
[step 041000] loss=0.0080 flow=0.0020 boot=0.0001 bc=0.0040 rew=0.0117 (1.26 steps/s)
Saved checkpoint to ckpts/calvin/dreamer4/bc_rew_heads_96p at step 41000
[step 041050] loss=0.0080 flow=0.0019 boot=0.0001 bc=0.0042 rew=0.0111 (1.26 steps/s)
[step 041100] loss=0.0074 flow=0.0025 boot=0.0001 bc=0.0032 rew=0.0116 (1.26 steps/s)
[step 041150] loss=0.0073 flow=0.0021 boot=0.0001 bc=0.0033 rew=0.0115 (1.26 steps/s)
[step 041200] loss=0.0076 flow=0.0022 boot=0.0002 bc=0.0036 rew=0.0115 (1.26 steps/s)
[step 041250] loss=0.0075 flow=0.0020 boot=0.0001 bc=0.0035 rew=0.0116 (1.26 steps/s)
[step 041300] loss=0.0076 flow=0.0019 boot=0.0001 bc=0.0037 rew=0.0113 (1.26 steps/s)
[step 041350] loss=0.0076 flow=0.0019 boot=0.0001 bc=0.0037 rew=0.0115 (1.26 steps/s)
[step 041400] loss=0.0082 flow=0.0020 boot=0.0001 bc=0.0041 rew=0.0120 (1.26 steps/s)
[step 041450] loss=0.0078 flow=0.0024 boot=0.0002 bc=0.0036 rew=0.0118 (1.26 steps/s)
[step 041500] loss=0.0072 flow=0.0021 boot=0.0001 bc=0.0033 rew=0.0114 (1.26 steps/s)
[step 041550] loss=0.0075 flow=0.0022 boot=0.0001 bc=0.0036 rew=0.0112 (1.26 steps/s)
[step 041600] loss=0.0083 flow=0.0025 boot=0.0001 bc=0.0042 rew=0.0116 (1.26 steps/s)
[step 041650] loss=0.0084 flow=0.0023 boot=0.0002 bc=0.0044 rew=0.0114 (1.26 steps/s)
[step 041700] loss=0.0077 flow=0.0021 boot=0.0001 bc=0.0037 rew=0.0115 (1.26 steps/s)
[step 041750] loss=0.0075 flow=0.0019 boot=0.0001 bc=0.0036 rew=0.0114 (1.26 steps/s)
[step 041800] loss=0.0068 flow=0.0018 boot=0.0001 bc=0.0028 rew=0.0115 (1.26 steps/s)
[step 041850] loss=0.0078 flow=0.0024 boot=0.0001 bc=0.0036 rew=0.0117 (1.26 steps/s)
[step 041900] loss=0.0076 flow=0.0020 boot=0.0002 bc=0.0034 rew=0.0122 (1.26 steps/s)
[step 041950] loss=0.0075 flow=0.0021 boot=0.0001 bc=0.0037 rew=0.0111 (1.26 steps/s)
[step 042000] loss=0.0072 flow=0.0018 boot=0.0001 bc=0.0032 rew=0.0116 (1.26 steps/s)
Saved checkpoint to ckpts/calvin/dreamer4/bc_rew_heads_96p at step 42000
[step 042050] loss=0.0073 flow=0.0021 boot=0.0001 bc=0.0033 rew=0.0114 (1.26 steps/s)
[step 042100] loss=0.0069 flow=0.0019 boot=0.0001 bc=0.0031 rew=0.0109 (1.27 steps/s)
[step 042150] loss=0.0073 flow=0.0019 boot=0.0001 bc=0.0032 rew=0.0120 (1.27 steps/s)
[step 042200] loss=0.0078 flow=0.0018 boot=0.0001 bc=0.0039 rew=0.0115 (1.27 steps/s)
[step 042250] loss=0.0075 flow=0.0018 boot=0.0002 bc=0.0036 rew=0.0117 (1.27 steps/s)
[step 042300] loss=0.0078 flow=0.0024 boot=0.0002 bc=0.0037 rew=0.0117 (1.27 steps/s)
[step 042350] loss=0.0072 flow=0.0020 boot=0.0001 bc=0.0032 rew=0.0116 (1.27 steps/s)
[step 042400] loss=0.0081 flow=0.0020 boot=0.0001 bc=0.0041 rew=0.0118 (1.27 steps/s)
[step 042450] loss=0.0071 flow=0.0019 boot=0.0002 bc=0.0032 rew=0.0115 (1.27 steps/s)
[step 042500] loss=0.0079 flow=0.0021 boot=0.0001 bc=0.0040 rew=0.0112 (1.27 steps/s)
[step 042550] loss=0.0070 flow=0.0017 boot=0.0002 bc=0.0030 rew=0.0115 (1.27 steps/s)
[step 042600] loss=0.0069 flow=0.0021 boot=0.0002 bc=0.0029 rew=0.0116 (1.27 steps/s)
[step 042650] loss=0.0070 flow=0.0020 boot=0.0001 bc=0.0031 rew=0.0111 (1.27 steps/s)
[step 042700] loss=0.0068 flow=0.0017 boot=0.0001 bc=0.0030 rew=0.0113 (1.27 steps/s)
[step 042750] loss=0.0067 flow=0.0017 boot=0.0001 bc=0.0030 rew=0.0111 (1.27 steps/s)
[step 042800] loss=0.0072 flow=0.0019 boot=0.0001 bc=0.0031 rew=0.0121 (1.27 steps/s)
[step 042850] loss=0.0073 flow=0.0020 boot=0.0001 bc=0.0035 rew=0.0110 (1.27 steps/s)
[step 042900] loss=0.0079 flow=0.0021 boot=0.0001 bc=0.0040 rew=0.0113 (1.27 steps/s)
[step 042950] loss=0.0079 flow=0.0022 boot=0.0001 bc=0.0039 rew=0.0116 (1.27 steps/s)
[step 043000] loss=0.0067 flow=0.0021 boot=0.0001 bc=0.0028 rew=0.0113 (1.27 steps/s)
Saved checkpoint to ckpts/calvin/dreamer4/bc_rew_heads_96p at step 43000
[step 043050] loss=0.0068 flow=0.0019 boot=0.0001 bc=0.0028 rew=0.0115 (1.27 steps/s)
[step 043100] loss=0.0071 flow=0.0018 boot=0.0001 bc=0.0029 rew=0.0124 (1.27 steps/s)
[step 043150] loss=0.0066 flow=0.0018 boot=0.0001 bc=0.0027 rew=0.0114 (1.27 steps/s)
[step 043200] loss=0.0071 flow=0.0020 boot=0.0001 bc=0.0033 rew=0.0111 (1.27 steps/s)
[step 043250] loss=0.0080 flow=0.0019 boot=0.0001 bc=0.0040 rew=0.0118 (1.27 steps/s)
[step 043300] loss=0.0069 flow=0.0022 boot=0.0001 bc=0.0027 rew=0.0120 (1.27 steps/s)
[step 043350] loss=0.0069 flow=0.0019 boot=0.0001 bc=0.0031 rew=0.0112 (1.27 steps/s)
[step 043400] loss=0.0072 flow=0.0021 boot=0.0001 bc=0.0032 rew=0.0115 (1.27 steps/s)
[step 043450] loss=0.0067 flow=0.0019 boot=0.0001 bc=0.0028 rew=0.0117 (1.27 steps/s)
[step 043500] loss=0.0069 flow=0.0018 boot=0.0002 bc=0.0029 rew=0.0117 (1.27 steps/s)
[step 043550] loss=0.0073 flow=0.0017 boot=0.0001 bc=0.0034 rew=0.0115 (1.27 steps/s)
[step 043600] loss=0.0067 flow=0.0018 boot=0.0001 bc=0.0029 rew=0.0111 (1.27 steps/s)
[step 043650] loss=0.0072 flow=0.0019 boot=0.0001 bc=0.0031 rew=0.0119 (1.27 steps/s)
[step 043700] loss=0.0072 flow=0.0017 boot=0.0001 bc=0.0032 rew=0.0119 (1.27 steps/s)
[step 043750] loss=0.0066 flow=0.0017 boot=0.0001 bc=0.0028 rew=0.0113 (1.27 steps/s)
[step 043800] loss=0.0067 flow=0.0019 boot=0.0001 bc=0.0028 rew=0.0113 (1.27 steps/s)
[step 043850] loss=0.0070 flow=0.0018 boot=0.0001 bc=0.0031 rew=0.0113 (1.27 steps/s)
[step 043900] loss=0.0071 flow=0.0019 boot=0.0001 bc=0.0031 rew=0.0117 (1.27 steps/s)
[step 043950] loss=0.0072 flow=0.0016 boot=0.0001 bc=0.0033 rew=0.0117 (1.27 steps/s)
[step 044000] loss=0.0069 flow=0.0018 boot=0.0001 bc=0.0030 rew=0.0114 (1.27 steps/s)
Saved checkpoint to ckpts/calvin/dreamer4/bc_rew_heads_96p at step 44000
[step 044050] loss=0.0069 flow=0.0018 boot=0.0001 bc=0.0027 rew=0.0124 (1.27 steps/s)
[step 044100] loss=0.0066 flow=0.0019 boot=0.0002 bc=0.0026 rew=0.0116 (1.27 steps/s)
[step 044150] loss=0.0067 flow=0.0018 boot=0.0002 bc=0.0027 rew=0.0116 (1.27 steps/s)
[step 044200] loss=0.0066 flow=0.0016 boot=0.0002 bc=0.0026 rew=0.0118 (1.27 steps/s)
[step 044250] loss=0.0065 flow=0.0015 boot=0.0002 bc=0.0027 rew=0.0113 (1.27 steps/s)
[step 044300] loss=0.0069 flow=0.0018 boot=0.0003 bc=0.0029 rew=0.0119 (1.27 steps/s)
[step 044350] loss=0.0068 flow=0.0016 boot=0.0001 bc=0.0028 rew=0.0118 (1.27 steps/s)
[step 044400] loss=0.0067 flow=0.0018 boot=0.0002 bc=0.0030 rew=0.0109 (1.27 steps/s)
[step 044450] loss=0.0069 flow=0.0017 boot=0.0002 bc=0.0031 rew=0.0112 (1.27 steps/s)
[step 044500] loss=0.0062 flow=0.0018 boot=0.0002 bc=0.0023 rew=0.0115 (1.27 steps/s)
[step 044550] loss=0.0063 flow=0.0018 boot=0.0001 bc=0.0022 rew=0.0118 (1.27 steps/s)
[step 044600] loss=0.0067 flow=0.0016 boot=0.0002 bc=0.0027 rew=0.0117 (1.27 steps/s)
[step 044650] loss=0.0065 flow=0.0018 boot=0.0002 bc=0.0026 rew=0.0115 (1.27 steps/s)
[step 044700] loss=0.0076 flow=0.0019 boot=0.0001 bc=0.0034 rew=0.0123 (1.27 steps/s)
[step 044750] loss=0.0066 flow=0.0017 boot=0.0001 bc=0.0027 rew=0.0114 (1.27 steps/s)
[step 044800] loss=0.0065 flow=0.0018 boot=0.0002 bc=0.0027 rew=0.0113 (1.27 steps/s)
[step 044850] loss=0.0066 flow=0.0017 boot=0.0002 bc=0.0028 rew=0.0112 (1.27 steps/s)
[step 044900] loss=0.0065 flow=0.0018 boot=0.0002 bc=0.0026 rew=0.0115 (1.27 steps/s)
[step 044950] loss=0.0065 flow=0.0017 boot=0.0002 bc=0.0027 rew=0.0113 (1.27 steps/s)
[step 045000] loss=0.0070 flow=0.0017 boot=0.0001 bc=0.0031 rew=0.0114 (1.27 steps/s)
Running CALVIN environment validation...
[step 045000] val_success=0.0000 val_steps=120.00
Saved checkpoint to ckpts/calvin/dreamer4/bc_rew_heads_96p at step 45000
[step 045050] loss=0.0063 flow=0.0015 boot=0.0001 bc=0.0025 rew=0.0115 (1.25 steps/s)
[step 045100] loss=0.0070 flow=0.0016 boot=0.0001 bc=0.0031 rew=0.0117 (1.25 steps/s)
[step 045150] loss=0.0063 flow=0.0016 boot=0.0001 bc=0.0026 rew=0.0111 (1.25 steps/s)
[step 045200] loss=0.0082 flow=0.0016 boot=0.0001 bc=0.0042 rew=0.0119 (1.25 steps/s)
[step 045250] loss=0.0061 flow=0.0017 boot=0.0001 bc=0.0023 rew=0.0113 (1.25 steps/s)
[step 045300] loss=0.0063 flow=0.0016 boot=0.0001 bc=0.0026 rew=0.0109 (1.25 steps/s)
[step 045350] loss=0.0065 flow=0.0017 boot=0.0001 bc=0.0026 rew=0.0115 (1.25 steps/s)
[step 045400] loss=0.0060 flow=0.0015 boot=0.0001 bc=0.0022 rew=0.0113 (1.25 steps/s)
[step 045450] loss=0.0066 flow=0.0018 boot=0.0001 bc=0.0026 rew=0.0119 (1.25 steps/s)
[step 045500] loss=0.0064 flow=0.0016 boot=0.0001 bc=0.0024 rew=0.0119 (1.26 steps/s)
[step 045550] loss=0.0060 flow=0.0015 boot=0.0001 bc=0.0022 rew=0.0114 (1.26 steps/s)
[step 045600] loss=0.0066 flow=0.0018 boot=0.0001 bc=0.0026 rew=0.0116 (1.26 steps/s)
[step 045650] loss=0.0063 flow=0.0017 boot=0.0001 bc=0.0024 rew=0.0116 (1.26 steps/s)
[step 045700] loss=0.0072 flow=0.0019 boot=0.0002 bc=0.0031 rew=0.0119 (1.26 steps/s)
[step 045750] loss=0.0062 flow=0.0017 boot=0.0001 bc=0.0024 rew=0.0113 (1.26 steps/s)
[step 045800] loss=0.0073 flow=0.0017 boot=0.0001 bc=0.0034 rew=0.0115 (1.26 steps/s)
[step 045850] loss=0.0057 flow=0.0015 boot=0.0001 bc=0.0020 rew=0.0112 (1.26 steps/s)
[step 045900] loss=0.0063 flow=0.0016 boot=0.0001 bc=0.0025 rew=0.0112 (1.26 steps/s)
[step 045950] loss=0.0059 flow=0.0015 boot=0.0001 bc=0.0022 rew=0.0113 (1.26 steps/s)
[step 046000] loss=0.0067 flow=0.0018 boot=0.0001 bc=0.0027 rew=0.0117 (1.26 steps/s)
Saved checkpoint to ckpts/calvin/dreamer4/bc_rew_heads_96p at step 46000
[step 046050] loss=0.0064 flow=0.0016 boot=0.0001 bc=0.0025 rew=0.0119 (1.26 steps/s)
[step 046100] loss=0.0064 flow=0.0018 boot=0.0001 bc=0.0024 rew=0.0119 (1.26 steps/s)
[step 046150] loss=0.0060 flow=0.0016 boot=0.0001 bc=0.0021 rew=0.0117 (1.26 steps/s)
[step 046200] loss=0.0065 flow=0.0015 boot=0.0002 bc=0.0026 rew=0.0118 (1.26 steps/s)
[step 046250] loss=0.0062 flow=0.0015 boot=0.0001 bc=0.0022 rew=0.0121 (1.26 steps/s)
[step 046300] loss=0.0060 flow=0.0016 boot=0.0001 bc=0.0021 rew=0.0116 (1.26 steps/s)
[step 046350] loss=0.0063 flow=0.0016 boot=0.0001 bc=0.0023 rew=0.0120 (1.26 steps/s)
[step 046400] loss=0.0059 flow=0.0013 boot=0.0001 bc=0.0021 rew=0.0114 (1.26 steps/s)
[step 046450] loss=0.0057 flow=0.0014 boot=0.0001 bc=0.0020 rew=0.0112 (1.26 steps/s)
[step 046500] loss=0.0064 flow=0.0018 boot=0.0001 bc=0.0024 rew=0.0120 (1.26 steps/s)
[step 046550] loss=0.0061 flow=0.0016 boot=0.0001 bc=0.0022 rew=0.0116 (1.26 steps/s)
[step 046600] loss=0.0060 flow=0.0015 boot=0.0001 bc=0.0020 rew=0.0121 (1.26 steps/s)
[step 046650] loss=0.0058 flow=0.0017 boot=0.0002 bc=0.0020 rew=0.0111 (1.26 steps/s)
[step 046700] loss=0.0059 flow=0.0014 boot=0.0002 bc=0.0021 rew=0.0115 (1.26 steps/s)
[step 046750] loss=0.0061 flow=0.0014 boot=0.0002 bc=0.0021 rew=0.0121 (1.26 steps/s)
[step 046800] loss=0.0059 flow=0.0014 boot=0.0001 bc=0.0021 rew=0.0114 (1.26 steps/s)
[step 046850] loss=0.0058 flow=0.0013 boot=0.0004 bc=0.0020 rew=0.0114 (1.27 steps/s)
[step 046900] loss=0.0063 flow=0.0015 boot=0.0002 bc=0.0023 rew=0.0121 (1.27 steps/s)
[step 046950] loss=0.0060 flow=0.0015 boot=0.0001 bc=0.0021 rew=0.0119 (1.27 steps/s)
[step 047000] loss=0.0063 flow=0.0015 boot=0.0002 bc=0.0024 rew=0.0117 (1.27 steps/s)
Saved checkpoint to ckpts/calvin/dreamer4/bc_rew_heads_96p at step 47000
[step 047050] loss=0.0058 flow=0.0016 boot=0.0002 bc=0.0021 rew=0.0111 (1.27 steps/s)
[step 047100] loss=0.0060 flow=0.0015 boot=0.0001 bc=0.0022 rew=0.0114 (1.27 steps/s)
[step 047150] loss=0.0057 flow=0.0013 boot=0.0001 bc=0.0020 rew=0.0114 (1.27 steps/s)
[step 047200] loss=0.0058 flow=0.0013 boot=0.0001 bc=0.0020 rew=0.0116 (1.27 steps/s)
[step 047250] loss=0.0059 flow=0.0014 boot=0.0002 bc=0.0019 rew=0.0118 (1.27 steps/s)
[step 047300] loss=0.0062 flow=0.0015 boot=0.0001 bc=0.0022 rew=0.0120 (1.27 steps/s)
[step 047350] loss=0.0062 flow=0.0014 boot=0.0002 bc=0.0023 rew=0.0118 (1.27 steps/s)
[step 047400] loss=0.0059 flow=0.0015 boot=0.0002 bc=0.0020 rew=0.0117 (1.27 steps/s)
[step 047450] loss=0.0055 flow=0.0013 boot=0.0001 bc=0.0017 rew=0.0117 (1.27 steps/s)
[step 047500] loss=0.0061 flow=0.0016 boot=0.0002 bc=0.0020 rew=0.0123 (1.27 steps/s)
[step 047550] loss=0.0061 flow=0.0012 boot=0.0002 bc=0.0023 rew=0.0115 (1.27 steps/s)
[step 047600] loss=0.0062 flow=0.0015 boot=0.0002 bc=0.0023 rew=0.0116 (1.27 steps/s)
[step 047650] loss=0.0057 flow=0.0014 boot=0.0001 bc=0.0019 rew=0.0115 (1.27 steps/s)
[step 047700] loss=0.0057 flow=0.0014 boot=0.0002 bc=0.0020 rew=0.0110 (1.27 steps/s)
[step 047750] loss=0.0058 flow=0.0015 boot=0.0001 bc=0.0020 rew=0.0114 (1.27 steps/s)
[step 047800] loss=0.0059 flow=0.0014 boot=0.0001 bc=0.0022 rew=0.0113 (1.27 steps/s)
[step 047850] loss=0.0063 flow=0.0013 boot=0.0001 bc=0.0024 rew=0.0118 (1.27 steps/s)
[step 047900] loss=0.0061 flow=0.0017 boot=0.0001 bc=0.0020 rew=0.0123 (1.27 steps/s)
[step 047950] loss=0.0058 flow=0.0014 boot=0.0002 bc=0.0019 rew=0.0120 (1.27 steps/s)
[step 048000] loss=0.0063 flow=0.0018 boot=0.0002 bc=0.0025 rew=0.0111 (1.27 steps/s)
Saved checkpoint to ckpts/calvin/dreamer4/bc_rew_heads_96p at step 48000
[step 048050] loss=0.0058 flow=0.0013 boot=0.0001 bc=0.0019 rew=0.0119 (1.27 steps/s)
[step 048100] loss=0.0060 flow=0.0017 boot=0.0002 bc=0.0020 rew=0.0119 (1.27 steps/s)
[step 048150] loss=0.0056 flow=0.0014 boot=0.0001 bc=0.0018 rew=0.0116 (1.27 steps/s)
[step 048200] loss=0.0057 flow=0.0013 boot=0.0001 bc=0.0018 rew=0.0118 (1.27 steps/s)
[step 048250] loss=0.0057 flow=0.0014 boot=0.0001 bc=0.0019 rew=0.0116 (1.27 steps/s)
[step 048300] loss=0.0053 flow=0.0014 boot=0.0003 bc=0.0016 rew=0.0112 (1.27 steps/s)
[step 048350] loss=0.0058 flow=0.0014 boot=0.0002 bc=0.0018 rew=0.0119 (1.27 steps/s)
[step 048400] loss=0.0057 flow=0.0015 boot=0.0001 bc=0.0018 rew=0.0117 (1.27 steps/s)
[step 048450] loss=0.0061 flow=0.0015 boot=0.0002 bc=0.0024 rew=0.0112 (1.27 steps/s)
[step 048500] loss=0.0058 flow=0.0016 boot=0.0001 bc=0.0020 rew=0.0112 (1.27 steps/s)
[step 048550] loss=0.0056 flow=0.0014 boot=0.0001 bc=0.0017 rew=0.0118 (1.27 steps/s)
[step 048600] loss=0.0059 flow=0.0016 boot=0.0001 bc=0.0020 rew=0.0118 (1.27 steps/s)
[step 048650] loss=0.0060 flow=0.0015 boot=0.0001 bc=0.0020 rew=0.0121 (1.27 steps/s)
[step 048700] loss=0.0058 flow=0.0015 boot=0.0002 bc=0.0019 rew=0.0117 (1.27 steps/s)
[step 048750] loss=0.0056 flow=0.0014 boot=0.0002 bc=0.0018 rew=0.0114 (1.27 steps/s)
[step 048800] loss=0.0058 flow=0.0013 boot=0.0001 bc=0.0018 rew=0.0120 (1.27 steps/s)
[step 048850] loss=0.0054 flow=0.0014 boot=0.0001 bc=0.0015 rew=0.0116 (1.27 steps/s)
[step 048900] loss=0.0055 flow=0.0014 boot=0.0002 bc=0.0018 rew=0.0110 (1.27 steps/s)
[step 048950] loss=0.0057 flow=0.0015 boot=0.0003 bc=0.0018 rew=0.0115 (1.27 steps/s)
[step 049000] loss=0.0058 flow=0.0012 boot=0.0001 bc=0.0021 rew=0.0113 (1.27 steps/s)
Saved checkpoint to ckpts/calvin/dreamer4/bc_rew_heads_96p at step 49000
[step 049050] loss=0.0053 flow=0.0014 boot=0.0001 bc=0.0015 rew=0.0115 (1.27 steps/s)
[step 049100] loss=0.0054 flow=0.0014 boot=0.0002 bc=0.0015 rew=0.0117 (1.27 steps/s)
[step 049150] loss=0.0057 flow=0.0012 boot=0.0003 bc=0.0018 rew=0.0118 (1.27 steps/s)
[step 049200] loss=0.0057 flow=0.0014 boot=0.0003 bc=0.0018 rew=0.0115 (1.27 steps/s)
[step 049250] loss=0.0060 flow=0.0016 boot=0.0002 bc=0.0021 rew=0.0117 (1.27 steps/s)
[step 049300] loss=0.0057 flow=0.0013 boot=0.0002 bc=0.0017 rew=0.0122 (1.27 steps/s)
[step 049350] loss=0.0056 flow=0.0015 boot=0.0001 bc=0.0017 rew=0.0117 (1.27 steps/s)
[step 049400] loss=0.0056 flow=0.0014 boot=0.0001 bc=0.0017 rew=0.0119 (1.27 steps/s)
[step 049450] loss=0.0060 flow=0.0013 boot=0.0003 bc=0.0022 rew=0.0114 (1.27 steps/s)
[step 049500] loss=0.0054 flow=0.0013 boot=0.0001 bc=0.0016 rew=0.0116 (1.27 steps/s)
[step 049550] loss=0.0054 flow=0.0012 boot=0.0002 bc=0.0016 rew=0.0114 (1.27 steps/s)
[step 049600] loss=0.0053 flow=0.0012 boot=0.0003 bc=0.0014 rew=0.0118 (1.27 steps/s)
[step 049650] loss=0.0056 flow=0.0014 boot=0.0002 bc=0.0017 rew=0.0117 (1.27 steps/s)
[step 049700] loss=0.0054 flow=0.0013 boot=0.0004 bc=0.0016 rew=0.0113 (1.27 steps/s)
[step 049750] loss=0.0063 flow=0.0015 boot=0.0003 bc=0.0022 rew=0.0122 (1.27 steps/s)
[step 049800] loss=0.0057 flow=0.0015 boot=0.0002 bc=0.0017 rew=0.0117 (1.27 steps/s)
[step 049850] loss=0.0054 flow=0.0013 boot=0.0002 bc=0.0015 rew=0.0119 (1.27 steps/s)
[step 049900] loss=0.0055 flow=0.0011 boot=0.0002 bc=0.0016 rew=0.0120 (1.27 steps/s)
[step 049950] loss=0.0051 flow=0.0012 boot=0.0002 bc=0.0015 rew=0.0112 (1.27 steps/s)
[step 050000] loss=0.0057 flow=0.0015 boot=0.0002 bc=0.0017 rew=0.0119 (1.27 steps/s)
Running CALVIN environment validation...
[step 050000] val_success=0.0000 val_steps=120.00
Saved checkpoint to ckpts/calvin/dreamer4/bc_rew_heads_96p at step 50000
************************
Job 113210 ended!
